{"t":"2025-11-20T06:41:29.453Z","msg":"lever_episode_start","data":{"runId":"795fce4b-62c7-4b89-909e-1b042700a4d0","scenarioId":"lever_puzzle_3"}}
{"t":"2025-11-20T06:41:29.453Z","msg":"door_state_change","data":{"open":false,"command":"/setblock 16 65 2 iron_door","doorPos":{"x":16,"y":65,"z":2}}}
{"t":"2025-11-20T06:41:29.654Z","msg":"lever_attempt","data":{"runId":"795fce4b-62c7-4b89-909e-1b042700a4d0","attemptIndex":0,"sequence":[2,3,1],"source":"known_success"}}
{"t":"2025-11-20T06:41:29.665Z","msg":"debug_lever_scan","data":{"botPosition":{"x":14.487232125,"y":63,"z":-1.5676949515231542},"foundLevers":[{"x":15,"y":65,"z":-1},{"x":15,"y":65,"z":0},{"x":15,"y":65,"z":1}]}}
{"t":"2025-11-20T06:41:29.666Z","msg":"lever_block_found","data":{"leverIndex":2,"blockPosition":{"x":15,"y":65,"z":0},"blockName":"lever"}}
{"t":"2025-11-20T06:41:30.168Z","msg":"lever_block_found","data":{"leverIndex":3,"blockPosition":{"x":15,"y":65,"z":1},"blockName":"lever"}}
{"t":"2025-11-20T06:41:30.668Z","msg":"lever_block_found","data":{"leverIndex":1,"blockPosition":{"x":15,"y":65,"z":-1},"blockName":"lever"}}
{"t":"2025-11-20T06:41:31.172Z","msg":"lever_incorrect","data":{"runId":"795fce4b-62c7-4b89-909e-1b042700a4d0","attemptIndex":0,"sequence":[2,3,1]}}
{"t":"2025-11-20T06:41:31.172Z","msg":"lever_attempt","data":{"runId":"795fce4b-62c7-4b89-909e-1b042700a4d0","attemptIndex":1,"sequence":[2,3,1],"source":"known_success"}}
{"t":"2025-11-20T06:41:31.172Z","msg":"lever_block_found","data":{"leverIndex":2,"blockPosition":{"x":15,"y":65,"z":0},"blockName":"lever"}}
{"t":"2025-11-20T06:41:31.673Z","msg":"lever_block_found","data":{"leverIndex":3,"blockPosition":{"x":15,"y":65,"z":1},"blockName":"lever"}}
{"t":"2025-11-20T06:41:32.175Z","msg":"lever_block_found","data":{"leverIndex":1,"blockPosition":{"x":15,"y":65,"z":-1},"blockName":"lever"}}
{"t":"2025-11-20T06:41:32.676Z","msg":"lever_incorrect","data":{"runId":"795fce4b-62c7-4b89-909e-1b042700a4d0","attemptIndex":1,"sequence":[2,3,1]}}
{"t":"2025-11-20T06:41:32.676Z","msg":"lever_attempt","data":{"runId":"795fce4b-62c7-4b89-909e-1b042700a4d0","attemptIndex":2,"sequence":[2,3,1],"source":"known_success"}}
{"t":"2025-11-20T06:41:32.676Z","msg":"lever_block_found","data":{"leverIndex":2,"blockPosition":{"x":15,"y":65,"z":0},"blockName":"lever"}}
{"t":"2025-11-20T06:41:33.178Z","msg":"lever_block_found","data":{"leverIndex":3,"blockPosition":{"x":15,"y":65,"z":1},"blockName":"lever"}}
{"t":"2025-11-20T06:41:33.679Z","msg":"lever_block_found","data":{"leverIndex":1,"blockPosition":{"x":15,"y":65,"z":-1},"blockName":"lever"}}
{"t":"2025-11-20T06:41:34.181Z","msg":"lever_incorrect","data":{"runId":"795fce4b-62c7-4b89-909e-1b042700a4d0","attemptIndex":2,"sequence":[2,3,1]}}
{"t":"2025-11-20T06:41:34.181Z","msg":"lever_attempt","data":{"runId":"795fce4b-62c7-4b89-909e-1b042700a4d0","attemptIndex":3,"sequence":[2,3,1],"source":"known_success"}}
{"t":"2025-11-20T06:41:34.182Z","msg":"lever_block_found","data":{"leverIndex":2,"blockPosition":{"x":15,"y":65,"z":0},"blockName":"lever"}}
{"t":"2025-11-20T06:41:34.682Z","msg":"lever_block_found","data":{"leverIndex":3,"blockPosition":{"x":15,"y":65,"z":1},"blockName":"lever"}}
{"t":"2025-11-20T06:41:35.183Z","msg":"lever_block_found","data":{"leverIndex":1,"blockPosition":{"x":15,"y":65,"z":-1},"blockName":"lever"}}
{"t":"2025-11-20T06:41:35.685Z","msg":"lever_incorrect","data":{"runId":"795fce4b-62c7-4b89-909e-1b042700a4d0","attemptIndex":3,"sequence":[2,3,1]}}
{"t":"2025-11-20T06:41:35.685Z","msg":"lever_attempt","data":{"runId":"795fce4b-62c7-4b89-909e-1b042700a4d0","attemptIndex":4,"sequence":[2,3,1],"source":"known_success"}}
{"t":"2025-11-20T06:41:35.685Z","msg":"lever_block_found","data":{"leverIndex":2,"blockPosition":{"x":15,"y":65,"z":0},"blockName":"lever"}}
{"t":"2025-11-20T06:41:36.187Z","msg":"lever_block_found","data":{"leverIndex":3,"blockPosition":{"x":15,"y":65,"z":1},"blockName":"lever"}}
{"t":"2025-11-20T06:41:36.688Z","msg":"lever_block_found","data":{"leverIndex":1,"blockPosition":{"x":15,"y":65,"z":-1},"blockName":"lever"}}
{"t":"2025-11-20T06:41:37.192Z","msg":"lever_incorrect","data":{"runId":"795fce4b-62c7-4b89-909e-1b042700a4d0","attemptIndex":4,"sequence":[2,3,1]}}
{"t":"2025-11-20T06:41:37.192Z","msg":"lever_attempt","data":{"runId":"795fce4b-62c7-4b89-909e-1b042700a4d0","attemptIndex":5,"sequence":[2,3,1],"source":"known_success"}}
{"t":"2025-11-20T06:41:37.192Z","msg":"lever_block_found","data":{"leverIndex":2,"blockPosition":{"x":15,"y":65,"z":0},"blockName":"lever"}}
{"t":"2025-11-20T06:41:37.693Z","msg":"lever_block_found","data":{"leverIndex":3,"blockPosition":{"x":15,"y":65,"z":1},"blockName":"lever"}}
{"t":"2025-11-20T06:41:38.195Z","msg":"lever_block_found","data":{"leverIndex":1,"blockPosition":{"x":15,"y":65,"z":-1},"blockName":"lever"}}
{"t":"2025-11-20T06:41:38.695Z","msg":"lever_incorrect","data":{"runId":"795fce4b-62c7-4b89-909e-1b042700a4d0","attemptIndex":5,"sequence":[2,3,1]}}
{"t":"2025-11-20T06:41:38.695Z","msg":"lever_episode_end","data":{"runId":"795fce4b-62c7-4b89-909e-1b042700a4d0","scenarioId":"lever_puzzle_3","solved":false,"attempts":6}}
