{"t":"2025-11-26T07:14:40.813Z","msg":"key_episode_start","data":{"scenarioId":"key_finder_v1","runId":"64b2b40b-ecb2-4dab-b861-b51f535d5bb4","maxAttempts":6}}
{"t":"2025-11-26T07:14:40.814Z","msg":"key_reset_chest","data":{"cmd":"/setblock 5 4 5 chest[facing=north]"}}
{"t":"2025-11-26T07:14:41.215Z","msg":"key_attempt","data":{"runId":"64b2b40b-ecb2-4dab-b861-b51f535d5bb4","attemptIndex":0,"target":{"x":5,"y":4,"z":5},"source":"default","distilledCount":2}}
{"t":"2025-11-26T07:14:41.221Z","msg":"key_search_error","data":{"error":"containerToOpen is neither a block nor an entity"}}
{"t":"2025-11-26T07:14:41.225Z","msg":"key_memory_stats","data":{"runId":"64b2b40b-ecb2-4dab-b861-b51f535d5bb4","attemptIndex":0,"success":false,"storedMemories":1}}
{"t":"2025-11-26T07:14:41.725Z","msg":"key_reset_chest","data":{"cmd":"/setblock 5 4 5 chest[facing=north]"}}
{"t":"2025-11-26T07:14:42.125Z","msg":"key_attempt","data":{"runId":"64b2b40b-ecb2-4dab-b861-b51f535d5bb4","attemptIndex":1,"target":{"x":5,"y":4,"z":5},"source":"default","distilledCount":3}}
{"t":"2025-11-26T07:14:42.175Z","msg":"key_search_error","data":{"error":"containerToOpen is neither a block nor an entity"}}
{"t":"2025-11-26T07:14:42.178Z","msg":"key_memory_stats","data":{"runId":"64b2b40b-ecb2-4dab-b861-b51f535d5bb4","attemptIndex":1,"success":false,"storedMemories":2}}
{"t":"2025-11-26T07:14:42.679Z","msg":"key_reset_chest","data":{"cmd":"/setblock 5 4 5 chest[facing=north]"}}
{"t":"2025-11-26T07:14:43.080Z","msg":"key_attempt","data":{"runId":"64b2b40b-ecb2-4dab-b861-b51f535d5bb4","attemptIndex":2,"target":{"x":5,"y":4,"z":5},"source":"default","distilledCount":4}}
{"t":"2025-11-26T07:14:43.081Z","msg":"key_search_error","data":{"error":"containerToOpen is neither a block nor an entity"}}
{"t":"2025-11-26T07:14:43.083Z","msg":"key_memory_stats","data":{"runId":"64b2b40b-ecb2-4dab-b861-b51f535d5bb4","attemptIndex":2,"success":false,"storedMemories":3}}
{"t":"2025-11-26T07:14:43.583Z","msg":"key_reset_chest","data":{"cmd":"/setblock 5 4 5 chest[facing=north]"}}
{"t":"2025-11-26T07:14:43.984Z","msg":"key_attempt","data":{"runId":"64b2b40b-ecb2-4dab-b861-b51f535d5bb4","attemptIndex":3,"target":{"x":5,"y":4,"z":5},"source":"default","distilledCount":5}}
{"t":"2025-11-26T07:14:43.989Z","msg":"key_search_error","data":{"error":"containerToOpen is neither a block nor an entity"}}
{"t":"2025-11-26T07:14:43.991Z","msg":"key_memory_stats","data":{"runId":"64b2b40b-ecb2-4dab-b861-b51f535d5bb4","attemptIndex":3,"success":false,"storedMemories":4}}
{"t":"2025-11-26T07:14:44.491Z","msg":"key_reset_chest","data":{"cmd":"/setblock 5 4 5 chest[facing=north]"}}
{"t":"2025-11-26T07:14:44.892Z","msg":"key_attempt","data":{"runId":"64b2b40b-ecb2-4dab-b861-b51f535d5bb4","attemptIndex":4,"target":{"x":5,"y":4,"z":5},"source":"default","distilledCount":6}}
{"t":"2025-11-26T07:14:44.940Z","msg":"key_search_error","data":{"error":"containerToOpen is neither a block nor an entity"}}
{"t":"2025-11-26T07:14:44.943Z","msg":"key_memory_stats","data":{"runId":"64b2b40b-ecb2-4dab-b861-b51f535d5bb4","attemptIndex":4,"success":false,"storedMemories":5}}
{"t":"2025-11-26T07:14:45.443Z","msg":"key_reset_chest","data":{"cmd":"/setblock 5 4 5 chest[facing=north]"}}
{"t":"2025-11-26T07:14:45.843Z","msg":"key_attempt","data":{"runId":"64b2b40b-ecb2-4dab-b861-b51f535d5bb4","attemptIndex":5,"target":{"x":5,"y":4,"z":5},"source":"default","distilledCount":7}}
{"t":"2025-11-26T07:14:45.892Z","msg":"key_search_error","data":{"error":"containerToOpen is neither a block nor an entity"}}
{"t":"2025-11-26T07:14:45.895Z","msg":"key_memory_stats","data":{"runId":"64b2b40b-ecb2-4dab-b861-b51f535d5bb4","attemptIndex":5,"success":false,"storedMemories":6}}
{"t":"2025-11-26T07:14:46.396Z","msg":"key_episode_end","data":{"scenarioId":"key_finder_v1","runId":"64b2b40b-ecb2-4dab-b861-b51f535d5bb4","attempts":6,"solved":false}}
