{"t":"2025-12-08T02:46:26.967Z","msg":"key_finder_episode_start","data":{"runId":"414ad6c6-c34f-471d-8c1b-8a59c56328f4","scenarioId":"key_finder_v1","mode":"raw"}}
{"t":"2025-12-08T02:46:26.968Z","msg":"key_reset_chest","data":{"cmd":"/setblock 5 4 5 chest[facing=north]"}}
{"t":"2025-12-08T02:46:27.377Z","msg":"key_attempt","data":{"runId":"414ad6c6-c34f-471d-8c1b-8a59c56328f4","attemptIndex":0,"targetPos":{"x":5,"y":4,"z":5},"source":"default","memoryCount":5,"retrievalLatency":8}}
{"t":"2025-12-08T02:46:32.437Z","msg":"key_attempt_result","data":{"runId":"414ad6c6-c34f-471d-8c1b-8a59c56328f4","attemptIndex":0,"success":false,"distilledAdded":1}}
{"t":"2025-12-08T02:46:32.438Z","msg":"key_reset_chest","data":{"cmd":"/setblock 5 4 5 chest[facing=north]"}}
{"t":"2025-12-08T02:46:33.348Z","msg":"key_attempt","data":{"runId":"414ad6c6-c34f-471d-8c1b-8a59c56328f4","attemptIndex":1,"targetPos":{"x":5,"y":4,"z":5},"source":"default","memoryCount":5,"retrievalLatency":9}}
{"t":"2025-12-08T02:46:33.732Z","msg":"key_attempt_result","data":{"runId":"414ad6c6-c34f-471d-8c1b-8a59c56328f4","attemptIndex":1,"success":false,"distilledAdded":1}}
{"t":"2025-12-08T02:46:33.733Z","msg":"key_reset_chest","data":{"cmd":"/setblock 5 4 5 chest[facing=north]"}}
{"t":"2025-12-08T02:46:34.643Z","msg":"key_attempt","data":{"runId":"414ad6c6-c34f-471d-8c1b-8a59c56328f4","attemptIndex":2,"targetPos":{"x":5,"y":4,"z":5},"source":"default","memoryCount":5,"retrievalLatency":8}}
{"t":"2025-12-08T02:46:35.071Z","msg":"key_attempt_result","data":{"runId":"414ad6c6-c34f-471d-8c1b-8a59c56328f4","attemptIndex":2,"success":false,"distilledAdded":1}}
{"t":"2025-12-08T02:46:35.072Z","msg":"key_reset_chest","data":{"cmd":"/setblock 5 4 5 chest[facing=north]"}}
{"t":"2025-12-08T02:46:36.026Z","msg":"key_attempt","data":{"runId":"414ad6c6-c34f-471d-8c1b-8a59c56328f4","attemptIndex":3,"targetPos":{"x":5,"y":4,"z":5},"source":"default","memoryCount":5,"retrievalLatency":7}}
{"t":"2025-12-08T02:46:36.411Z","msg":"key_attempt_result","data":{"runId":"414ad6c6-c34f-471d-8c1b-8a59c56328f4","attemptIndex":3,"success":false,"distilledAdded":1}}
{"t":"2025-12-08T02:46:36.412Z","msg":"key_reset_chest","data":{"cmd":"/setblock 5 4 5 chest[facing=north]"}}
{"t":"2025-12-08T02:46:37.322Z","msg":"key_attempt","data":{"runId":"414ad6c6-c34f-471d-8c1b-8a59c56328f4","attemptIndex":4,"targetPos":{"x":5,"y":4,"z":5},"source":"default","memoryCount":5,"retrievalLatency":4}}
{"t":"2025-12-08T02:46:37.712Z","msg":"key_attempt_result","data":{"runId":"414ad6c6-c34f-471d-8c1b-8a59c56328f4","attemptIndex":4,"success":false,"distilledAdded":1}}
{"t":"2025-12-08T02:46:37.713Z","msg":"key_reset_chest","data":{"cmd":"/setblock 5 4 5 chest[facing=north]"}}
{"t":"2025-12-08T02:46:38.628Z","msg":"key_attempt","data":{"runId":"414ad6c6-c34f-471d-8c1b-8a59c56328f4","attemptIndex":5,"targetPos":{"x":5,"y":4,"z":5},"source":"default","memoryCount":5,"retrievalLatency":7}}
{"t":"2025-12-08T02:46:39.018Z","msg":"key_attempt_result","data":{"runId":"414ad6c6-c34f-471d-8c1b-8a59c56328f4","attemptIndex":5,"success":false,"distilledAdded":1}}
{"t":"2025-12-08T02:46:39.018Z","msg":"key_reset_chest","data":{"cmd":"/setblock 5 4 5 chest[facing=north]"}}
{"t":"2025-12-08T02:46:39.926Z","msg":"key_finder_episode_end","data":{"runId":"414ad6c6-c34f-471d-8c1b-8a59c56328f4","scenarioId":"key_finder_v1","attempts":6,"found":false}}
