{"t":"2025-11-20T06:42:53.093Z","msg":"lever_episode_start","data":{"runId":"1af35703-cbc3-4f30-9ee1-57291a54d899","scenarioId":"lever_puzzle_3"}}
{"t":"2025-11-20T06:42:53.094Z","msg":"door_state_change","data":{"open":false,"command":"/setblock 16 65 2 iron_door","doorPos":{"x":16,"y":65,"z":2}}}
{"t":"2025-11-20T06:42:53.296Z","msg":"lever_attempt","data":{"runId":"1af35703-cbc3-4f30-9ee1-57291a54d899","attemptIndex":0,"sequence":[2,3,1],"source":"known_success"}}
{"t":"2025-11-20T06:42:53.328Z","msg":"debug_lever_scan","data":{"botPosition":{"x":14.5,"y":64,"z":0.5},"foundLevers":[{"x":15,"y":65,"z":0},{"x":15,"y":65,"z":1},{"x":15,"y":65,"z":-1}]}}
{"t":"2025-11-20T06:42:53.328Z","msg":"lever_block_found","data":{"leverIndex":2,"blockPosition":{"x":15,"y":65,"z":0},"blockName":"lever"}}
{"t":"2025-11-20T06:42:53.830Z","msg":"lever_block_found","data":{"leverIndex":3,"blockPosition":{"x":15,"y":65,"z":1},"blockName":"lever"}}
{"t":"2025-11-20T06:42:54.331Z","msg":"lever_block_found","data":{"leverIndex":1,"blockPosition":{"x":15,"y":65,"z":-1},"blockName":"lever"}}
{"t":"2025-11-20T06:42:54.832Z","msg":"lever_incorrect","data":{"runId":"1af35703-cbc3-4f30-9ee1-57291a54d899","attemptIndex":0,"sequence":[2,3,1]}}
{"t":"2025-11-20T06:42:54.833Z","msg":"lever_attempt","data":{"runId":"1af35703-cbc3-4f30-9ee1-57291a54d899","attemptIndex":1,"sequence":[2,3,1],"source":"known_success"}}
{"t":"2025-11-20T06:42:54.833Z","msg":"lever_block_found","data":{"leverIndex":2,"blockPosition":{"x":15,"y":65,"z":0},"blockName":"lever"}}
{"t":"2025-11-20T06:42:55.334Z","msg":"lever_block_found","data":{"leverIndex":3,"blockPosition":{"x":15,"y":65,"z":1},"blockName":"lever"}}
{"t":"2025-11-20T06:42:55.836Z","msg":"lever_block_found","data":{"leverIndex":1,"blockPosition":{"x":15,"y":65,"z":-1},"blockName":"lever"}}
{"t":"2025-11-20T06:42:56.337Z","msg":"lever_incorrect","data":{"runId":"1af35703-cbc3-4f30-9ee1-57291a54d899","attemptIndex":1,"sequence":[2,3,1]}}
{"t":"2025-11-20T06:42:56.337Z","msg":"lever_attempt","data":{"runId":"1af35703-cbc3-4f30-9ee1-57291a54d899","attemptIndex":2,"sequence":[2,3,1],"source":"known_success"}}
{"t":"2025-11-20T06:42:56.337Z","msg":"lever_block_found","data":{"leverIndex":2,"blockPosition":{"x":15,"y":65,"z":0},"blockName":"lever"}}
{"t":"2025-11-20T06:42:56.839Z","msg":"lever_block_found","data":{"leverIndex":3,"blockPosition":{"x":15,"y":65,"z":1},"blockName":"lever"}}
{"t":"2025-11-20T06:42:57.339Z","msg":"lever_block_found","data":{"leverIndex":1,"blockPosition":{"x":15,"y":65,"z":-1},"blockName":"lever"}}
{"t":"2025-11-20T06:42:57.841Z","msg":"lever_incorrect","data":{"runId":"1af35703-cbc3-4f30-9ee1-57291a54d899","attemptIndex":2,"sequence":[2,3,1]}}
{"t":"2025-11-20T06:42:57.841Z","msg":"lever_attempt","data":{"runId":"1af35703-cbc3-4f30-9ee1-57291a54d899","attemptIndex":3,"sequence":[2,3,1],"source":"known_success"}}
{"t":"2025-11-20T06:42:57.842Z","msg":"lever_block_found","data":{"leverIndex":2,"blockPosition":{"x":15,"y":65,"z":0},"blockName":"lever"}}
{"t":"2025-11-20T06:42:58.344Z","msg":"lever_block_found","data":{"leverIndex":3,"blockPosition":{"x":15,"y":65,"z":1},"blockName":"lever"}}
{"t":"2025-11-20T06:42:58.847Z","msg":"lever_block_found","data":{"leverIndex":1,"blockPosition":{"x":15,"y":65,"z":-1},"blockName":"lever"}}
{"t":"2025-11-20T06:42:59.351Z","msg":"lever_incorrect","data":{"runId":"1af35703-cbc3-4f30-9ee1-57291a54d899","attemptIndex":3,"sequence":[2,3,1]}}
{"t":"2025-11-20T06:42:59.352Z","msg":"lever_attempt","data":{"runId":"1af35703-cbc3-4f30-9ee1-57291a54d899","attemptIndex":4,"sequence":[2,3,1],"source":"known_success"}}
{"t":"2025-11-20T06:42:59.352Z","msg":"lever_block_found","data":{"leverIndex":2,"blockPosition":{"x":15,"y":65,"z":0},"blockName":"lever"}}
{"t":"2025-11-20T06:42:59.853Z","msg":"lever_block_found","data":{"leverIndex":3,"blockPosition":{"x":15,"y":65,"z":1},"blockName":"lever"}}
{"t":"2025-11-20T06:43:00.354Z","msg":"lever_block_found","data":{"leverIndex":1,"blockPosition":{"x":15,"y":65,"z":-1},"blockName":"lever"}}
{"t":"2025-11-20T06:43:00.854Z","msg":"lever_incorrect","data":{"runId":"1af35703-cbc3-4f30-9ee1-57291a54d899","attemptIndex":4,"sequence":[2,3,1]}}
{"t":"2025-11-20T06:43:00.855Z","msg":"lever_attempt","data":{"runId":"1af35703-cbc3-4f30-9ee1-57291a54d899","attemptIndex":5,"sequence":[2,3,1],"source":"known_success"}}
{"t":"2025-11-20T06:43:00.855Z","msg":"lever_block_found","data":{"leverIndex":2,"blockPosition":{"x":15,"y":65,"z":0},"blockName":"lever"}}
{"t":"2025-11-20T06:43:01.357Z","msg":"lever_block_found","data":{"leverIndex":3,"blockPosition":{"x":15,"y":65,"z":1},"blockName":"lever"}}
{"t":"2025-11-20T06:43:01.857Z","msg":"lever_block_found","data":{"leverIndex":1,"blockPosition":{"x":15,"y":65,"z":-1},"blockName":"lever"}}
{"t":"2025-11-20T06:43:02.358Z","msg":"lever_incorrect","data":{"runId":"1af35703-cbc3-4f30-9ee1-57291a54d899","attemptIndex":5,"sequence":[2,3,1]}}
{"t":"2025-11-20T06:43:02.359Z","msg":"lever_episode_end","data":{"runId":"1af35703-cbc3-4f30-9ee1-57291a54d899","scenarioId":"lever_puzzle_3","solved":false,"attempts":6}}
