{"t":"2025-11-20T08:41:37.795Z","msg":"lever_episode_start","data":{"runId":"f46c75de-7dab-4272-96d3-32c7692a69c2","scenarioId":"lever_puzzle_3"}}
{"t":"2025-11-20T08:41:37.795Z","msg":"door_state_change","data":{"open":false,"command":"/setblock 13 63 2 stripped_warped_stem","powerPos":{"x":13,"y":63,"z":2}}}
{"t":"2025-11-20T08:41:37.997Z","msg":"lever_reset","data":{"position":{"x":15,"y":65,"z":-1},"command":"/setblock 15 65 -1 lever[face=wall,facing=west,powered=false]"}}
{"t":"2025-11-20T08:41:38.096Z","msg":"lever_reset","data":{"position":{"x":15,"y":65,"z":0},"command":"/setblock 15 65 0 lever[face=wall,facing=west,powered=false]"}}
{"t":"2025-11-20T08:41:38.199Z","msg":"lever_reset","data":{"position":{"x":15,"y":65,"z":1},"command":"/setblock 15 65 1 lever[face=wall,facing=west,powered=false]"}}
{"t":"2025-11-20T08:41:38.300Z","msg":"lever_attempt","data":{"runId":"f46c75de-7dab-4272-96d3-32c7692a69c2","attemptIndex":0,"sequence":[2,3,1],"source":"known_success"}}
{"t":"2025-11-20T08:41:38.330Z","msg":"debug_lever_scan","data":{"botPosition":{"x":14.5,"y":64,"z":0.5},"foundLevers":[{"x":15,"y":65,"z":0},{"x":15,"y":65,"z":1},{"x":15,"y":65,"z":-1}]}}
{"t":"2025-11-20T08:41:38.331Z","msg":"lever_block_found","data":{"leverIndex":2,"blockPosition":{"x":15,"y":65,"z":0},"blockName":"lever"}}
{"t":"2025-11-20T08:41:38.832Z","msg":"lever_block_found","data":{"leverIndex":3,"blockPosition":{"x":15,"y":65,"z":1},"blockName":"lever"}}
{"t":"2025-11-20T08:41:39.333Z","msg":"lever_block_found","data":{"leverIndex":1,"blockPosition":{"x":15,"y":65,"z":-1},"blockName":"lever"}}
{"t":"2025-11-20T08:41:39.834Z","msg":"lever_attempt_result","data":{"runId":"f46c75de-7dab-4272-96d3-32c7692a69c2","attemptIndex":0,"sequence":[2,3,1],"isCorrect":true}}
{"t":"2025-11-20T08:41:39.834Z","msg":"door_state_change","data":{"open":true,"command":"/setblock 13 63 2 redstone_block","powerPos":{"x":13,"y":63,"z":2}}}
{"t":"2025-11-20T08:41:40.035Z","msg":"lever_solved","data":{"runId":"f46c75de-7dab-4272-96d3-32c7692a69c2","attempts":1,"sequence":[2,3,1]}}
{"t":"2025-11-20T08:41:40.035Z","msg":"lever_episode_end","data":{"runId":"f46c75de-7dab-4272-96d3-32c7692a69c2","scenarioId":"lever_puzzle_3","solved":true,"attempts":1}}
{"t":"2025-11-20T08:42:09.410Z","msg":"lever_episode_start","data":{"runId":"45cde6f5-5acf-4b7b-84f8-ef3c79aa444b","scenarioId":"lever_puzzle_3"}}
{"t":"2025-11-20T08:42:09.411Z","msg":"door_state_change","data":{"open":false,"command":"/setblock 13 63 2 stripped_warped_stem","powerPos":{"x":13,"y":63,"z":2}}}
{"t":"2025-11-20T08:42:09.611Z","msg":"lever_reset","data":{"position":{"x":15,"y":65,"z":-1},"command":"/setblock 15 65 -1 lever[face=wall,facing=west,powered=false]"}}
{"t":"2025-11-20T08:42:09.712Z","msg":"lever_reset","data":{"position":{"x":15,"y":65,"z":0},"command":"/setblock 15 65 0 lever[face=wall,facing=west,powered=false]"}}
{"t":"2025-11-20T08:42:09.813Z","msg":"lever_reset","data":{"position":{"x":15,"y":65,"z":1},"command":"/setblock 15 65 1 lever[face=wall,facing=west,powered=false]"}}
{"t":"2025-11-20T08:42:09.913Z","msg":"lever_attempt","data":{"runId":"45cde6f5-5acf-4b7b-84f8-ef3c79aa444b","attemptIndex":0,"sequence":[2,3,1],"source":"known_success"}}
{"t":"2025-11-20T08:42:09.913Z","msg":"lever_block_found","data":{"leverIndex":2,"blockPosition":{"x":15,"y":65,"z":0},"blockName":"lever"}}
{"t":"2025-11-20T08:42:10.414Z","msg":"lever_block_found","data":{"leverIndex":3,"blockPosition":{"x":15,"y":65,"z":1},"blockName":"lever"}}
{"t":"2025-11-20T08:42:10.917Z","msg":"lever_block_found","data":{"leverIndex":1,"blockPosition":{"x":15,"y":65,"z":-1},"blockName":"lever"}}
{"t":"2025-11-20T08:42:11.416Z","msg":"lever_attempt_result","data":{"runId":"45cde6f5-5acf-4b7b-84f8-ef3c79aa444b","attemptIndex":0,"sequence":[2,3,1],"isCorrect":true}}
{"t":"2025-11-20T08:42:11.417Z","msg":"door_state_change","data":{"open":true,"command":"/setblock 13 63 2 redstone_block","powerPos":{"x":13,"y":63,"z":2}}}
{"t":"2025-11-20T08:42:11.617Z","msg":"lever_solved","data":{"runId":"45cde6f5-5acf-4b7b-84f8-ef3c79aa444b","attempts":1,"sequence":[2,3,1]}}
{"t":"2025-11-20T08:42:11.618Z","msg":"lever_episode_end","data":{"runId":"45cde6f5-5acf-4b7b-84f8-ef3c79aa444b","scenarioId":"lever_puzzle_3","solved":true,"attempts":1}}
{"t":"2025-11-20T08:42:22.104Z","msg":"lever_episode_start","data":{"runId":"d696ebd9-660c-4fe8-9970-e03e6a347498","scenarioId":"lever_puzzle_3"}}
{"t":"2025-11-20T08:42:22.104Z","msg":"door_state_change","data":{"open":false,"command":"/setblock 13 63 2 stripped_warped_stem","powerPos":{"x":13,"y":63,"z":2}}}
{"t":"2025-11-20T08:42:22.305Z","msg":"lever_reset","data":{"position":{"x":15,"y":65,"z":-1},"command":"/setblock 15 65 -1 lever[face=wall,facing=west,powered=false]"}}
{"t":"2025-11-20T08:42:22.405Z","msg":"lever_reset","data":{"position":{"x":15,"y":65,"z":0},"command":"/setblock 15 65 0 lever[face=wall,facing=west,powered=false]"}}
{"t":"2025-11-20T08:42:22.505Z","msg":"lever_reset","data":{"position":{"x":15,"y":65,"z":1},"command":"/setblock 15 65 1 lever[face=wall,facing=west,powered=false]"}}
{"t":"2025-11-20T08:42:22.605Z","msg":"lever_attempt","data":{"runId":"d696ebd9-660c-4fe8-9970-e03e6a347498","attemptIndex":0,"sequence":[2,3,1],"source":"known_success"}}
{"t":"2025-11-20T08:42:22.605Z","msg":"lever_block_found","data":{"leverIndex":2,"blockPosition":{"x":15,"y":65,"z":0},"blockName":"lever"}}
{"t":"2025-11-20T08:42:23.106Z","msg":"lever_block_found","data":{"leverIndex":3,"blockPosition":{"x":15,"y":65,"z":1},"blockName":"lever"}}
{"t":"2025-11-20T08:42:23.609Z","msg":"lever_block_found","data":{"leverIndex":1,"blockPosition":{"x":15,"y":65,"z":-1},"blockName":"lever"}}
{"t":"2025-11-20T08:42:24.109Z","msg":"lever_attempt_result","data":{"runId":"d696ebd9-660c-4fe8-9970-e03e6a347498","attemptIndex":0,"sequence":[2,3,1],"isCorrect":true}}
{"t":"2025-11-20T08:42:24.110Z","msg":"door_state_change","data":{"open":true,"command":"/setblock 13 63 2 redstone_block","powerPos":{"x":13,"y":63,"z":2}}}
{"t":"2025-11-20T08:42:24.310Z","msg":"lever_solved","data":{"runId":"d696ebd9-660c-4fe8-9970-e03e6a347498","attempts":1,"sequence":[2,3,1]}}
{"t":"2025-11-20T08:42:24.310Z","msg":"lever_episode_end","data":{"runId":"d696ebd9-660c-4fe8-9970-e03e6a347498","scenarioId":"lever_puzzle_3","solved":true,"attempts":1}}
{"t":"2025-11-20T08:49:47.973Z","msg":"lever_episode_start","data":{"runId":"e0dc9e21-4a2b-422a-b469-47ecca75beb6","scenarioId":"lever_puzzle_3"}}
{"t":"2025-11-20T08:49:47.973Z","msg":"door_state_change","data":{"open":false,"command":"/setblock 13 63 2 stripped_warped_stem","powerPos":{"x":13,"y":63,"z":2}}}
{"t":"2025-11-20T08:49:48.174Z","msg":"lever_reset","data":{"position":{"x":15,"y":65,"z":-1},"command":"/setblock 15 65 -1 lever[face=wall,facing=west,powered=false]"}}
{"t":"2025-11-20T08:49:48.274Z","msg":"lever_reset","data":{"position":{"x":15,"y":65,"z":0},"command":"/setblock 15 65 0 lever[face=wall,facing=west,powered=false]"}}
{"t":"2025-11-20T08:49:48.375Z","msg":"lever_reset","data":{"position":{"x":15,"y":65,"z":1},"command":"/setblock 15 65 1 lever[face=wall,facing=west,powered=false]"}}
{"t":"2025-11-20T08:49:48.476Z","msg":"lever_attempt","data":{"runId":"e0dc9e21-4a2b-422a-b469-47ecca75beb6","attemptIndex":0,"sequence":[2,3,1],"source":"known_success"}}
{"t":"2025-11-20T08:49:48.477Z","msg":"lever_block_found","data":{"leverIndex":2,"blockPosition":{"x":15,"y":65,"z":0},"blockName":"lever"}}
{"t":"2025-11-20T08:49:48.979Z","msg":"lever_block_found","data":{"leverIndex":3,"blockPosition":{"x":15,"y":65,"z":1},"blockName":"lever"}}
{"t":"2025-11-20T08:49:49.480Z","msg":"lever_block_found","data":{"leverIndex":1,"blockPosition":{"x":15,"y":65,"z":-1},"blockName":"lever"}}
{"t":"2025-11-20T08:49:49.980Z","msg":"lever_attempt_result","data":{"runId":"e0dc9e21-4a2b-422a-b469-47ecca75beb6","attemptIndex":0,"sequence":[2,3,1],"isCorrect":true}}
{"t":"2025-11-20T08:49:49.981Z","msg":"door_state_change","data":{"open":true,"command":"/setblock 13 63 2 redstone_block","powerPos":{"x":13,"y":63,"z":2}}}
{"t":"2025-11-20T08:49:50.181Z","msg":"lever_solved","data":{"runId":"e0dc9e21-4a2b-422a-b469-47ecca75beb6","attempts":1,"sequence":[2,3,1]}}
{"t":"2025-11-20T08:49:50.181Z","msg":"lever_episode_end","data":{"runId":"e0dc9e21-4a2b-422a-b469-47ecca75beb6","scenarioId":"lever_puzzle_3","solved":true,"attempts":1}}
{"t":"2025-11-20T08:50:30.541Z","msg":"lever_episode_start","data":{"runId":"f0a006c1-4047-46d6-8a9e-a80f10b28f21","scenarioId":"lever_puzzle_3"}}
{"t":"2025-11-20T08:50:30.541Z","msg":"door_state_change","data":{"open":false,"command":"/setblock 13 63 2 stripped_warped_stem","powerPos":{"x":13,"y":63,"z":2}}}
{"t":"2025-11-20T08:50:30.742Z","msg":"lever_reset","data":{"position":{"x":15,"y":65,"z":-1},"command":"/setblock 15 65 -1 lever[face=wall,facing=west,powered=false]"}}
{"t":"2025-11-20T08:50:30.842Z","msg":"lever_reset","data":{"position":{"x":15,"y":65,"z":0},"command":"/setblock 15 65 0 lever[face=wall,facing=west,powered=false]"}}
{"t":"2025-11-20T08:50:30.943Z","msg":"lever_reset","data":{"position":{"x":15,"y":65,"z":1},"command":"/setblock 15 65 1 lever[face=wall,facing=west,powered=false]"}}
{"t":"2025-11-20T08:50:31.044Z","msg":"lever_attempt","data":{"runId":"f0a006c1-4047-46d6-8a9e-a80f10b28f21","attemptIndex":0,"sequence":[2,3,1],"source":"known_success"}}
{"t":"2025-11-20T08:50:31.044Z","msg":"lever_block_found","data":{"leverIndex":2,"blockPosition":{"x":15,"y":65,"z":0},"blockName":"lever"}}
{"t":"2025-11-20T08:50:31.545Z","msg":"lever_block_found","data":{"leverIndex":3,"blockPosition":{"x":15,"y":65,"z":1},"blockName":"lever"}}
{"t":"2025-11-20T08:50:32.045Z","msg":"lever_block_found","data":{"leverIndex":1,"blockPosition":{"x":15,"y":65,"z":-1},"blockName":"lever"}}
{"t":"2025-11-20T08:50:32.545Z","msg":"lever_attempt_result","data":{"runId":"f0a006c1-4047-46d6-8a9e-a80f10b28f21","attemptIndex":0,"sequence":[2,3,1],"isCorrect":true}}
{"t":"2025-11-20T08:50:32.545Z","msg":"door_state_change","data":{"open":true,"command":"/setblock 13 63 2 redstone_block","powerPos":{"x":13,"y":63,"z":2}}}
{"t":"2025-11-20T08:50:32.746Z","msg":"lever_solved","data":{"runId":"f0a006c1-4047-46d6-8a9e-a80f10b28f21","attempts":1,"sequence":[2,3,1]}}
{"t":"2025-11-20T08:50:32.746Z","msg":"lever_episode_end","data":{"runId":"f0a006c1-4047-46d6-8a9e-a80f10b28f21","scenarioId":"lever_puzzle_3","solved":true,"attempts":1}}
{"t":"2025-11-20T08:51:04.698Z","msg":"lever_episode_start","data":{"runId":"88dafcec-714a-4b09-8aa4-3ffcfb5ecd7d","scenarioId":"lever_puzzle_3"}}
{"t":"2025-11-20T08:51:04.698Z","msg":"door_state_change","data":{"open":false,"command":"/setblock 13 63 2 stripped_warped_stem","powerPos":{"x":13,"y":63,"z":2}}}
{"t":"2025-11-20T08:51:04.899Z","msg":"lever_reset","data":{"position":{"x":15,"y":65,"z":-1},"command":"/setblock 15 65 -1 lever[face=wall,facing=west,powered=false]"}}
{"t":"2025-11-20T08:51:05.000Z","msg":"lever_reset","data":{"position":{"x":15,"y":65,"z":0},"command":"/setblock 15 65 0 lever[face=wall,facing=west,powered=false]"}}
{"t":"2025-11-20T08:51:05.101Z","msg":"lever_reset","data":{"position":{"x":15,"y":65,"z":1},"command":"/setblock 15 65 1 lever[face=wall,facing=west,powered=false]"}}
{"t":"2025-11-20T08:51:05.202Z","msg":"lever_attempt","data":{"runId":"88dafcec-714a-4b09-8aa4-3ffcfb5ecd7d","attemptIndex":0,"sequence":[2,3,1],"source":"known_success"}}
{"t":"2025-11-20T08:51:05.202Z","msg":"lever_block_found","data":{"leverIndex":2,"blockPosition":{"x":15,"y":65,"z":0},"blockName":"lever"}}
{"t":"2025-11-20T08:51:05.703Z","msg":"lever_block_found","data":{"leverIndex":3,"blockPosition":{"x":15,"y":65,"z":1},"blockName":"lever"}}
{"t":"2025-11-20T08:51:06.204Z","msg":"lever_block_found","data":{"leverIndex":1,"blockPosition":{"x":15,"y":65,"z":-1},"blockName":"lever"}}
{"t":"2025-11-20T08:51:06.704Z","msg":"lever_attempt_result","data":{"runId":"88dafcec-714a-4b09-8aa4-3ffcfb5ecd7d","attemptIndex":0,"sequence":[2,3,1],"isCorrect":true}}
{"t":"2025-11-20T08:51:06.704Z","msg":"door_state_change","data":{"open":true,"command":"/setblock 13 63 2 redstone_block","powerPos":{"x":13,"y":63,"z":2}}}
{"t":"2025-11-20T08:51:06.905Z","msg":"lever_solved","data":{"runId":"88dafcec-714a-4b09-8aa4-3ffcfb5ecd7d","attempts":1,"sequence":[2,3,1]}}
{"t":"2025-11-20T08:51:06.905Z","msg":"lever_episode_end","data":{"runId":"88dafcec-714a-4b09-8aa4-3ffcfb5ecd7d","scenarioId":"lever_puzzle_3","solved":true,"attempts":1}}
{"t":"2025-11-20T09:00:40.863Z","msg":"lever_episode_start","data":{"runId":"9cecdded-b889-4c9b-9e6c-96e61f840534","scenarioId":"lever_puzzle_3"}}
{"t":"2025-11-20T09:00:40.864Z","msg":"door_state_change","data":{"open":false,"command":"/setblock 13 63 2 stripped_warped_stem","powerPos":{"x":13,"y":63,"z":2}}}
{"t":"2025-11-20T09:00:41.064Z","msg":"lever_reset","data":{"position":{"x":15,"y":65,"z":-1},"command":"/setblock 15 65 -1 lever[face=wall,facing=west,powered=false]"}}
{"t":"2025-11-20T09:00:41.165Z","msg":"lever_reset","data":{"position":{"x":15,"y":65,"z":0},"command":"/setblock 15 65 0 lever[face=wall,facing=west,powered=false]"}}
{"t":"2025-11-20T09:00:41.267Z","msg":"lever_reset","data":{"position":{"x":15,"y":65,"z":1},"command":"/setblock 15 65 1 lever[face=wall,facing=west,powered=false]"}}
{"t":"2025-11-20T09:00:41.368Z","msg":"lever_attempt","data":{"runId":"9cecdded-b889-4c9b-9e6c-96e61f840534","attemptIndex":0,"sequence":[2,3,1],"source":"known_success"}}
{"t":"2025-11-20T09:00:41.368Z","msg":"lever_block_found","data":{"leverIndex":2,"blockPosition":{"x":15,"y":65,"z":0},"blockName":"lever"}}
{"t":"2025-11-20T09:00:41.870Z","msg":"lever_block_found","data":{"leverIndex":3,"blockPosition":{"x":15,"y":65,"z":1},"blockName":"lever"}}
{"t":"2025-11-20T09:00:42.372Z","msg":"lever_block_found","data":{"leverIndex":1,"blockPosition":{"x":15,"y":65,"z":-1},"blockName":"lever"}}
{"t":"2025-11-20T09:00:42.873Z","msg":"lever_attempt_result","data":{"runId":"9cecdded-b889-4c9b-9e6c-96e61f840534","attemptIndex":0,"sequence":[2,3,1],"isCorrect":true}}
{"t":"2025-11-20T09:00:42.874Z","msg":"door_state_change","data":{"open":true,"command":"/setblock 13 63 2 redstone_block","powerPos":{"x":13,"y":63,"z":2}}}
{"t":"2025-11-20T09:00:43.074Z","msg":"lever_solved","data":{"runId":"9cecdded-b889-4c9b-9e6c-96e61f840534","attempts":1,"sequence":[2,3,1]}}
{"t":"2025-11-20T09:00:43.075Z","msg":"lever_episode_end","data":{"runId":"9cecdded-b889-4c9b-9e6c-96e61f840534","scenarioId":"lever_puzzle_3","solved":true,"attempts":1}}
{"t":"2025-11-20T09:06:30.335Z","msg":"lever_episode_start","data":{"runId":"509a19fd-5b73-4e9a-ac79-e90e8b60d694","scenarioId":"lever_puzzle_3"}}
{"t":"2025-11-20T09:06:30.336Z","msg":"door_state_change","data":{"open":false,"command":"/setblock 13 63 2 stripped_warped_stem","powerPos":{"x":13,"y":63,"z":2}}}
{"t":"2025-11-20T09:06:30.536Z","msg":"lever_reset","data":{"position":{"x":15,"y":65,"z":-1},"command":"/setblock 15 65 -1 lever[face=wall,facing=west,powered=false]"}}
{"t":"2025-11-20T09:06:30.638Z","msg":"lever_reset","data":{"position":{"x":15,"y":65,"z":0},"command":"/setblock 15 65 0 lever[face=wall,facing=west,powered=false]"}}
{"t":"2025-11-20T09:06:30.739Z","msg":"lever_reset","data":{"position":{"x":15,"y":65,"z":1},"command":"/setblock 15 65 1 lever[face=wall,facing=west,powered=false]"}}
{"t":"2025-11-20T09:06:30.840Z","msg":"lever_attempt","data":{"runId":"509a19fd-5b73-4e9a-ac79-e90e8b60d694","attemptIndex":0,"sequence":[2,3,1],"source":"known_success"}}
{"t":"2025-11-20T09:06:30.840Z","msg":"lever_block_found","data":{"leverIndex":2,"blockPosition":{"x":15,"y":65,"z":0},"blockName":"lever"}}
{"t":"2025-11-20T09:06:31.343Z","msg":"lever_block_found","data":{"leverIndex":3,"blockPosition":{"x":15,"y":65,"z":1},"blockName":"lever"}}
{"t":"2025-11-20T09:06:31.844Z","msg":"lever_block_found","data":{"leverIndex":1,"blockPosition":{"x":15,"y":65,"z":-1},"blockName":"lever"}}
{"t":"2025-11-20T09:06:32.345Z","msg":"lever_attempt_result","data":{"runId":"509a19fd-5b73-4e9a-ac79-e90e8b60d694","attemptIndex":0,"sequence":[2,3,1],"isCorrect":true}}
{"t":"2025-11-20T09:06:32.345Z","msg":"door_state_change","data":{"open":true,"command":"/setblock 13 63 2 redstone_block","powerPos":{"x":13,"y":63,"z":2}}}
{"t":"2025-11-20T09:06:32.546Z","msg":"lever_solved","data":{"runId":"509a19fd-5b73-4e9a-ac79-e90e8b60d694","attempts":1,"sequence":[2,3,1]}}
{"t":"2025-11-20T09:06:32.546Z","msg":"lever_episode_end","data":{"runId":"509a19fd-5b73-4e9a-ac79-e90e8b60d694","scenarioId":"lever_puzzle_3","solved":true,"attempts":1}}
{"t":"2025-11-20T09:07:04.129Z","msg":"lever_episode_start","data":{"runId":"bbe698d9-54dd-40fe-807f-c7fa7a8cfd74","scenarioId":"lever_puzzle_3"}}
{"t":"2025-11-20T09:07:04.129Z","msg":"door_state_change","data":{"open":false,"command":"/setblock 13 63 2 stripped_warped_stem","powerPos":{"x":13,"y":63,"z":2}}}
{"t":"2025-11-20T09:07:04.330Z","msg":"lever_reset","data":{"position":{"x":15,"y":65,"z":-1},"command":"/setblock 15 65 -1 lever[face=wall,facing=west,powered=false]"}}
{"t":"2025-11-20T09:07:04.430Z","msg":"lever_reset","data":{"position":{"x":15,"y":65,"z":0},"command":"/setblock 15 65 0 lever[face=wall,facing=west,powered=false]"}}
{"t":"2025-11-20T09:07:04.531Z","msg":"lever_reset","data":{"position":{"x":15,"y":65,"z":1},"command":"/setblock 15 65 1 lever[face=wall,facing=west,powered=false]"}}
{"t":"2025-11-20T09:07:04.633Z","msg":"lever_attempt","data":{"runId":"bbe698d9-54dd-40fe-807f-c7fa7a8cfd74","attemptIndex":0,"sequence":[2,3,1],"source":"known_success"}}
{"t":"2025-11-20T09:07:04.633Z","msg":"lever_block_found","data":{"leverIndex":2,"blockPosition":{"x":15,"y":65,"z":0},"blockName":"lever"}}
{"t":"2025-11-20T09:07:05.134Z","msg":"lever_block_found","data":{"leverIndex":3,"blockPosition":{"x":15,"y":65,"z":1},"blockName":"lever"}}
{"t":"2025-11-20T09:07:05.635Z","msg":"lever_block_found","data":{"leverIndex":1,"blockPosition":{"x":15,"y":65,"z":-1},"blockName":"lever"}}
{"t":"2025-11-20T09:07:06.137Z","msg":"lever_attempt_result","data":{"runId":"bbe698d9-54dd-40fe-807f-c7fa7a8cfd74","attemptIndex":0,"sequence":[2,3,1],"isCorrect":true}}
{"t":"2025-11-20T09:07:06.137Z","msg":"door_state_change","data":{"open":true,"command":"/setblock 13 63 2 redstone_block","powerPos":{"x":13,"y":63,"z":2}}}
{"t":"2025-11-20T09:07:06.338Z","msg":"lever_solved","data":{"runId":"bbe698d9-54dd-40fe-807f-c7fa7a8cfd74","attempts":1,"sequence":[2,3,1]}}
{"t":"2025-11-20T09:07:06.338Z","msg":"lever_episode_end","data":{"runId":"bbe698d9-54dd-40fe-807f-c7fa7a8cfd74","scenarioId":"lever_puzzle_3","solved":true,"attempts":1}}
