{"t":"2025-11-26T08:05:29.407Z","msg":"key_finder_episode_start","data":{"runId":"58cfa38c-084e-4c4a-b6a1-4873e483b547","scenarioId":"key_finder_v1","mode":"distilled"}}
{"t":"2025-11-26T08:05:29.408Z","msg":"key_reset_chest","data":{"cmd":"/setblock 5 4 5 chest[facing=north]"}}
{"t":"2025-11-26T08:05:29.817Z","msg":"key_attempt","data":{"runId":"58cfa38c-084e-4c4a-b6a1-4873e483b547","attemptIndex":0,"targetPos":{"x":5,"y":4,"z":5},"source":"default","memoryCount":5,"retrievalLatency":7}}
{"t":"2025-11-26T08:05:34.867Z","msg":"key_attempt_result","data":{"runId":"58cfa38c-084e-4c4a-b6a1-4873e483b547","attemptIndex":0,"success":false,"distilledAdded":1}}
{"t":"2025-11-26T08:05:34.868Z","msg":"key_reset_chest","data":{"cmd":"/setblock 5 4 5 chest[facing=north]"}}
{"t":"2025-11-26T08:05:35.774Z","msg":"key_attempt","data":{"runId":"58cfa38c-084e-4c4a-b6a1-4873e483b547","attemptIndex":1,"targetPos":{"x":5,"y":4,"z":5},"source":"default","memoryCount":5,"retrievalLatency":6}}
{"t":"2025-11-26T08:05:36.161Z","msg":"key_attempt_result","data":{"runId":"58cfa38c-084e-4c4a-b6a1-4873e483b547","attemptIndex":1,"success":false,"distilledAdded":1}}
{"t":"2025-11-26T08:05:36.161Z","msg":"key_reset_chest","data":{"cmd":"/setblock 5 4 5 chest[facing=north]"}}
{"t":"2025-11-26T08:05:37.095Z","msg":"key_attempt","data":{"runId":"58cfa38c-084e-4c4a-b6a1-4873e483b547","attemptIndex":2,"targetPos":{"x":5,"y":4,"z":5},"source":"default","memoryCount":5,"retrievalLatency":4}}
{"t":"2025-11-26T08:05:37.476Z","msg":"key_attempt_result","data":{"runId":"58cfa38c-084e-4c4a-b6a1-4873e483b547","attemptIndex":2,"success":false,"distilledAdded":1}}
{"t":"2025-11-26T08:05:37.476Z","msg":"key_reset_chest","data":{"cmd":"/setblock 5 4 5 chest[facing=north]"}}
{"t":"2025-11-26T08:05:38.390Z","msg":"key_attempt","data":{"runId":"58cfa38c-084e-4c4a-b6a1-4873e483b547","attemptIndex":3,"targetPos":{"x":5,"y":4,"z":5},"source":"default","memoryCount":5,"retrievalLatency":8}}
{"t":"2025-11-26T08:05:38.770Z","msg":"key_attempt_result","data":{"runId":"58cfa38c-084e-4c4a-b6a1-4873e483b547","attemptIndex":3,"success":false,"distilledAdded":1}}
{"t":"2025-11-26T08:05:38.770Z","msg":"key_reset_chest","data":{"cmd":"/setblock 5 4 5 chest[facing=north]"}}
{"t":"2025-11-26T08:05:39.682Z","msg":"key_attempt","data":{"runId":"58cfa38c-084e-4c4a-b6a1-4873e483b547","attemptIndex":4,"targetPos":{"x":5,"y":4,"z":5},"source":"default","memoryCount":5,"retrievalLatency":4}}
{"t":"2025-11-26T08:05:40.066Z","msg":"key_attempt_result","data":{"runId":"58cfa38c-084e-4c4a-b6a1-4873e483b547","attemptIndex":4,"success":false,"distilledAdded":1}}
{"t":"2025-11-26T08:05:40.066Z","msg":"key_reset_chest","data":{"cmd":"/setblock 5 4 5 chest[facing=north]"}}
{"t":"2025-11-26T08:05:41.041Z","msg":"key_attempt","data":{"runId":"58cfa38c-084e-4c4a-b6a1-4873e483b547","attemptIndex":5,"targetPos":{"x":5,"y":4,"z":5},"source":"default","memoryCount":5,"retrievalLatency":5}}
{"t":"2025-11-26T08:05:41.422Z","msg":"key_attempt_result","data":{"runId":"58cfa38c-084e-4c4a-b6a1-4873e483b547","attemptIndex":5,"success":false,"distilledAdded":1}}
{"t":"2025-11-26T08:05:41.422Z","msg":"key_reset_chest","data":{"cmd":"/setblock 5 4 5 chest[facing=north]"}}
{"t":"2025-11-26T08:05:42.329Z","msg":"key_finder_episode_end","data":{"runId":"58cfa38c-084e-4c4a-b6a1-4873e483b547","scenarioId":"key_finder_v1","attempts":6,"found":false}}
