{"t":"2025-11-26T07:47:02.399Z","msg":"lever_episode_start","data":{"runId":"a92a3765-8485-4bcf-87a0-cdbd49330eed","scenarioId":"lever_puzzle_3","mode":"raw"}}
{"t":"2025-11-26T07:47:02.400Z","msg":"lever_door_close","data":{"cmd":"/setblock 13 63 2 stripped_warped_stem"}}
{"t":"2025-11-26T07:47:02.700Z","msg":"lever_reset_block","data":{"cmd":"/setblock 15 65 -1 lever[face=wall,facing=west,powered=false]","pos":{"x":15,"y":65,"z":-1}}}
{"t":"2025-11-26T07:47:02.880Z","msg":"lever_reset_block","data":{"cmd":"/setblock 15 65 0 lever[face=wall,facing=west,powered=false]","pos":{"x":15,"y":65,"z":0}}}
{"t":"2025-11-26T07:47:03.032Z","msg":"lever_reset_block","data":{"cmd":"/setblock 15 65 1 lever[face=wall,facing=west,powered=false]","pos":{"x":15,"y":65,"z":1}}}
{"t":"2025-11-26T07:47:03.439Z","msg":"lever_attempt","data":{"runId":"a92a3765-8485-4bcf-87a0-cdbd49330eed","attemptIndex":0,"sequence":[1,2,3],"source":"fallback_random","memoryCount":5,"retrievalLatency":4}}
{"t":"2025-11-26T07:47:03.439Z","msg":"lever_block_found","data":{"leverIndex":1,"blockPosition":{"x":15,"y":65,"z":-1},"blockName":"lever"}}
{"t":"2025-11-26T07:47:03.940Z","msg":"lever_block_found","data":{"leverIndex":2,"blockPosition":{"x":15,"y":65,"z":0},"blockName":"lever"}}
{"t":"2025-11-26T07:47:04.443Z","msg":"lever_block_found","data":{"leverIndex":3,"blockPosition":{"x":15,"y":65,"z":1},"blockName":"lever"}}
{"t":"2025-11-26T07:47:05.275Z","msg":"lever_attempt_result","data":{"runId":"a92a3765-8485-4bcf-87a0-cdbd49330eed","attemptIndex":0,"success":false,"distilledAdded":1}}
{"t":"2025-11-26T07:47:05.276Z","msg":"lever_door_close","data":{"cmd":"/setblock 13 63 2 stripped_warped_stem"}}
{"t":"2025-11-26T07:47:05.576Z","msg":"lever_reset_block","data":{"cmd":"/setblock 15 65 -1 lever[face=wall,facing=west,powered=false]","pos":{"x":15,"y":65,"z":-1}}}
{"t":"2025-11-26T07:47:05.727Z","msg":"lever_reset_block","data":{"cmd":"/setblock 15 65 0 lever[face=wall,facing=west,powered=false]","pos":{"x":15,"y":65,"z":0}}}
{"t":"2025-11-26T07:47:05.879Z","msg":"lever_reset_block","data":{"cmd":"/setblock 15 65 1 lever[face=wall,facing=west,powered=false]","pos":{"x":15,"y":65,"z":1}}}
{"t":"2025-11-26T07:47:06.281Z","msg":"lever_incorrect","data":{"runId":"a92a3765-8485-4bcf-87a0-cdbd49330eed","attemptIndex":0,"sequence":[1,2,3]}}
{"t":"2025-11-26T07:47:06.691Z","msg":"lever_attempt","data":{"runId":"a92a3765-8485-4bcf-87a0-cdbd49330eed","attemptIndex":1,"sequence":[1,2,3],"source":"fallback_random","memoryCount":5,"retrievalLatency":8}}
{"t":"2025-11-26T07:47:06.691Z","msg":"lever_block_found","data":{"leverIndex":1,"blockPosition":{"x":15,"y":65,"z":-1},"blockName":"lever"}}
{"t":"2025-11-26T07:47:07.191Z","msg":"lever_block_found","data":{"leverIndex":2,"blockPosition":{"x":15,"y":65,"z":0},"blockName":"lever"}}
{"t":"2025-11-26T07:47:07.692Z","msg":"lever_block_found","data":{"leverIndex":3,"blockPosition":{"x":15,"y":65,"z":1},"blockName":"lever"}}
{"t":"2025-11-26T07:47:08.522Z","msg":"lever_attempt_result","data":{"runId":"a92a3765-8485-4bcf-87a0-cdbd49330eed","attemptIndex":1,"success":false,"distilledAdded":1}}
{"t":"2025-11-26T07:47:08.522Z","msg":"lever_door_close","data":{"cmd":"/setblock 13 63 2 stripped_warped_stem"}}
{"t":"2025-11-26T07:47:08.823Z","msg":"lever_reset_block","data":{"cmd":"/setblock 15 65 -1 lever[face=wall,facing=west,powered=false]","pos":{"x":15,"y":65,"z":-1}}}
{"t":"2025-11-26T07:47:08.977Z","msg":"lever_reset_block","data":{"cmd":"/setblock 15 65 0 lever[face=wall,facing=west,powered=false]","pos":{"x":15,"y":65,"z":0}}}
{"t":"2025-11-26T07:47:09.128Z","msg":"lever_reset_block","data":{"cmd":"/setblock 15 65 1 lever[face=wall,facing=west,powered=false]","pos":{"x":15,"y":65,"z":1}}}
{"t":"2025-11-26T07:47:09.531Z","msg":"lever_incorrect","data":{"runId":"a92a3765-8485-4bcf-87a0-cdbd49330eed","attemptIndex":1,"sequence":[1,2,3]}}
{"t":"2025-11-26T07:47:09.936Z","msg":"lever_attempt","data":{"runId":"a92a3765-8485-4bcf-87a0-cdbd49330eed","attemptIndex":2,"sequence":[3,1,2],"source":"fallback_random","memoryCount":5,"retrievalLatency":4}}
{"t":"2025-11-26T07:47:09.936Z","msg":"lever_block_found","data":{"leverIndex":3,"blockPosition":{"x":15,"y":65,"z":1},"blockName":"lever"}}
{"t":"2025-11-26T07:47:10.437Z","msg":"lever_block_found","data":{"leverIndex":1,"blockPosition":{"x":15,"y":65,"z":-1},"blockName":"lever"}}
{"t":"2025-11-26T07:47:10.937Z","msg":"lever_block_found","data":{"leverIndex":2,"blockPosition":{"x":15,"y":65,"z":0},"blockName":"lever"}}
{"t":"2025-11-26T07:47:11.769Z","msg":"lever_attempt_result","data":{"runId":"a92a3765-8485-4bcf-87a0-cdbd49330eed","attemptIndex":2,"success":false,"distilledAdded":1}}
{"t":"2025-11-26T07:47:11.770Z","msg":"lever_door_close","data":{"cmd":"/setblock 13 63 2 stripped_warped_stem"}}
{"t":"2025-11-26T07:47:12.070Z","msg":"lever_reset_block","data":{"cmd":"/setblock 15 65 -1 lever[face=wall,facing=west,powered=false]","pos":{"x":15,"y":65,"z":-1}}}
{"t":"2025-11-26T07:47:12.221Z","msg":"lever_reset_block","data":{"cmd":"/setblock 15 65 0 lever[face=wall,facing=west,powered=false]","pos":{"x":15,"y":65,"z":0}}}
{"t":"2025-11-26T07:47:12.373Z","msg":"lever_reset_block","data":{"cmd":"/setblock 15 65 1 lever[face=wall,facing=west,powered=false]","pos":{"x":15,"y":65,"z":1}}}
{"t":"2025-11-26T07:47:12.773Z","msg":"lever_incorrect","data":{"runId":"a92a3765-8485-4bcf-87a0-cdbd49330eed","attemptIndex":2,"sequence":[3,1,2]}}
{"t":"2025-11-26T07:47:13.183Z","msg":"lever_attempt","data":{"runId":"a92a3765-8485-4bcf-87a0-cdbd49330eed","attemptIndex":3,"sequence":[1,2,3],"source":"fallback_random","memoryCount":5,"retrievalLatency":8}}
{"t":"2025-11-26T07:47:13.184Z","msg":"lever_block_found","data":{"leverIndex":1,"blockPosition":{"x":15,"y":65,"z":-1},"blockName":"lever"}}
{"t":"2025-11-26T07:47:13.686Z","msg":"lever_block_found","data":{"leverIndex":2,"blockPosition":{"x":15,"y":65,"z":0},"blockName":"lever"}}
{"t":"2025-11-26T07:47:14.188Z","msg":"lever_block_found","data":{"leverIndex":3,"blockPosition":{"x":15,"y":65,"z":1},"blockName":"lever"}}
{"t":"2025-11-26T07:47:15.021Z","msg":"lever_attempt_result","data":{"runId":"a92a3765-8485-4bcf-87a0-cdbd49330eed","attemptIndex":3,"success":false,"distilledAdded":1}}
{"t":"2025-11-26T07:47:15.022Z","msg":"lever_door_close","data":{"cmd":"/setblock 13 63 2 stripped_warped_stem"}}
{"t":"2025-11-26T07:47:15.323Z","msg":"lever_reset_block","data":{"cmd":"/setblock 15 65 -1 lever[face=wall,facing=west,powered=false]","pos":{"x":15,"y":65,"z":-1}}}
{"t":"2025-11-26T07:47:15.474Z","msg":"lever_reset_block","data":{"cmd":"/setblock 15 65 0 lever[face=wall,facing=west,powered=false]","pos":{"x":15,"y":65,"z":0}}}
{"t":"2025-11-26T07:47:15.625Z","msg":"lever_reset_block","data":{"cmd":"/setblock 15 65 1 lever[face=wall,facing=west,powered=false]","pos":{"x":15,"y":65,"z":1}}}
{"t":"2025-11-26T07:47:16.027Z","msg":"lever_incorrect","data":{"runId":"a92a3765-8485-4bcf-87a0-cdbd49330eed","attemptIndex":3,"sequence":[1,2,3]}}
{"t":"2025-11-26T07:47:16.436Z","msg":"lever_attempt","data":{"runId":"a92a3765-8485-4bcf-87a0-cdbd49330eed","attemptIndex":4,"sequence":[1,3,2],"source":"fallback_random","memoryCount":5,"retrievalLatency":8}}
{"t":"2025-11-26T07:47:16.436Z","msg":"lever_block_found","data":{"leverIndex":1,"blockPosition":{"x":15,"y":65,"z":-1},"blockName":"lever"}}
{"t":"2025-11-26T07:47:16.937Z","msg":"lever_block_found","data":{"leverIndex":3,"blockPosition":{"x":15,"y":65,"z":1},"blockName":"lever"}}
{"t":"2025-11-26T07:47:17.438Z","msg":"lever_block_found","data":{"leverIndex":2,"blockPosition":{"x":15,"y":65,"z":0},"blockName":"lever"}}
{"t":"2025-11-26T07:47:18.271Z","msg":"lever_attempt_result","data":{"runId":"a92a3765-8485-4bcf-87a0-cdbd49330eed","attemptIndex":4,"success":false,"distilledAdded":1}}
{"t":"2025-11-26T07:47:18.271Z","msg":"lever_door_close","data":{"cmd":"/setblock 13 63 2 stripped_warped_stem"}}
{"t":"2025-11-26T07:47:18.572Z","msg":"lever_reset_block","data":{"cmd":"/setblock 15 65 -1 lever[face=wall,facing=west,powered=false]","pos":{"x":15,"y":65,"z":-1}}}
{"t":"2025-11-26T07:47:18.723Z","msg":"lever_reset_block","data":{"cmd":"/setblock 15 65 0 lever[face=wall,facing=west,powered=false]","pos":{"x":15,"y":65,"z":0}}}
{"t":"2025-11-26T07:47:18.876Z","msg":"lever_reset_block","data":{"cmd":"/setblock 15 65 1 lever[face=wall,facing=west,powered=false]","pos":{"x":15,"y":65,"z":1}}}
{"t":"2025-11-26T07:47:19.278Z","msg":"lever_incorrect","data":{"runId":"a92a3765-8485-4bcf-87a0-cdbd49330eed","attemptIndex":4,"sequence":[1,3,2]}}
{"t":"2025-11-26T07:47:19.687Z","msg":"lever_attempt","data":{"runId":"a92a3765-8485-4bcf-87a0-cdbd49330eed","attemptIndex":5,"sequence":[3,1,2],"source":"fallback_random","memoryCount":5,"retrievalLatency":7}}
{"t":"2025-11-26T07:47:19.687Z","msg":"lever_block_found","data":{"leverIndex":3,"blockPosition":{"x":15,"y":65,"z":1},"blockName":"lever"}}
{"t":"2025-11-26T07:47:20.188Z","msg":"lever_block_found","data":{"leverIndex":1,"blockPosition":{"x":15,"y":65,"z":-1},"blockName":"lever"}}
{"t":"2025-11-26T07:47:20.689Z","msg":"lever_block_found","data":{"leverIndex":2,"blockPosition":{"x":15,"y":65,"z":0},"blockName":"lever"}}
{"t":"2025-11-26T07:47:21.517Z","msg":"lever_attempt_result","data":{"runId":"a92a3765-8485-4bcf-87a0-cdbd49330eed","attemptIndex":5,"success":false,"distilledAdded":1}}
{"t":"2025-11-26T07:47:21.517Z","msg":"lever_door_close","data":{"cmd":"/setblock 13 63 2 stripped_warped_stem"}}
{"t":"2025-11-26T07:47:21.819Z","msg":"lever_reset_block","data":{"cmd":"/setblock 15 65 -1 lever[face=wall,facing=west,powered=false]","pos":{"x":15,"y":65,"z":-1}}}
{"t":"2025-11-26T07:47:21.971Z","msg":"lever_reset_block","data":{"cmd":"/setblock 15 65 0 lever[face=wall,facing=west,powered=false]","pos":{"x":15,"y":65,"z":0}}}
{"t":"2025-11-26T07:47:22.121Z","msg":"lever_reset_block","data":{"cmd":"/setblock 15 65 1 lever[face=wall,facing=west,powered=false]","pos":{"x":15,"y":65,"z":1}}}
{"t":"2025-11-26T07:47:22.521Z","msg":"lever_incorrect","data":{"runId":"a92a3765-8485-4bcf-87a0-cdbd49330eed","attemptIndex":5,"sequence":[3,1,2]}}
{"t":"2025-11-26T07:47:22.924Z","msg":"lever_episode_end","data":{"runId":"a92a3765-8485-4bcf-87a0-cdbd49330eed","scenarioId":"lever_puzzle_3","attempts":6,"solved":false}}
