{"t":"2025-11-26T08:05:45.331Z","msg":"lever_episode_start","data":{"runId":"ed7c5055-9e43-4916-a971-2475d0724add","scenarioId":"lever_puzzle_3","mode":"raw"}}
{"t":"2025-11-26T08:05:45.331Z","msg":"lever_door_close","data":{"cmd":"/setblock 13 63 2 stripped_warped_stem"}}
{"t":"2025-11-26T08:05:45.631Z","msg":"lever_reset_block","data":{"cmd":"/setblock 15 65 -1 lever[face=wall,facing=west,powered=false]","pos":{"x":15,"y":65,"z":-1}}}
{"t":"2025-11-26T08:05:45.782Z","msg":"lever_reset_block","data":{"cmd":"/setblock 15 65 0 lever[face=wall,facing=west,powered=false]","pos":{"x":15,"y":65,"z":0}}}
{"t":"2025-11-26T08:05:45.933Z","msg":"lever_reset_block","data":{"cmd":"/setblock 15 65 1 lever[face=wall,facing=west,powered=false]","pos":{"x":15,"y":65,"z":1}}}
{"t":"2025-11-26T08:05:46.342Z","msg":"lever_attempt","data":{"runId":"ed7c5055-9e43-4916-a971-2475d0724add","attemptIndex":0,"sequence":[3,1,2],"source":"fallback_random","memoryCount":5,"retrievalLatency":7}}
{"t":"2025-11-26T08:05:46.343Z","msg":"lever_block_found","data":{"leverIndex":3,"blockPosition":{"x":15,"y":65,"z":1},"blockName":"lever"}}
{"t":"2025-11-26T08:05:46.845Z","msg":"lever_block_found","data":{"leverIndex":1,"blockPosition":{"x":15,"y":65,"z":-1},"blockName":"lever"}}
{"t":"2025-11-26T08:05:47.347Z","msg":"lever_block_found","data":{"leverIndex":2,"blockPosition":{"x":15,"y":65,"z":0},"blockName":"lever"}}
{"t":"2025-11-26T08:05:48.189Z","msg":"lever_attempt_result","data":{"runId":"ed7c5055-9e43-4916-a971-2475d0724add","attemptIndex":0,"success":false,"distilledAdded":1}}
{"t":"2025-11-26T08:05:48.189Z","msg":"lever_door_close","data":{"cmd":"/setblock 13 63 2 stripped_warped_stem"}}
{"t":"2025-11-26T08:05:48.489Z","msg":"lever_reset_block","data":{"cmd":"/setblock 15 65 -1 lever[face=wall,facing=west,powered=false]","pos":{"x":15,"y":65,"z":-1}}}
{"t":"2025-11-26T08:05:48.641Z","msg":"lever_reset_block","data":{"cmd":"/setblock 15 65 0 lever[face=wall,facing=west,powered=false]","pos":{"x":15,"y":65,"z":0}}}
{"t":"2025-11-26T08:05:48.792Z","msg":"lever_reset_block","data":{"cmd":"/setblock 15 65 1 lever[face=wall,facing=west,powered=false]","pos":{"x":15,"y":65,"z":1}}}
{"t":"2025-11-26T08:05:49.194Z","msg":"lever_incorrect","data":{"runId":"ed7c5055-9e43-4916-a971-2475d0724add","attemptIndex":0,"sequence":[3,1,2]}}
{"t":"2025-11-26T08:05:49.600Z","msg":"lever_attempt","data":{"runId":"ed7c5055-9e43-4916-a971-2475d0724add","attemptIndex":1,"sequence":[2,1,3],"source":"fallback_random","memoryCount":5,"retrievalLatency":5}}
{"t":"2025-11-26T08:05:49.601Z","msg":"lever_block_found","data":{"leverIndex":2,"blockPosition":{"x":15,"y":65,"z":0},"blockName":"lever"}}
{"t":"2025-11-26T08:05:50.102Z","msg":"lever_block_found","data":{"leverIndex":1,"blockPosition":{"x":15,"y":65,"z":-1},"blockName":"lever"}}
{"t":"2025-11-26T08:05:50.605Z","msg":"lever_block_found","data":{"leverIndex":3,"blockPosition":{"x":15,"y":65,"z":1},"blockName":"lever"}}
{"t":"2025-11-26T08:05:51.440Z","msg":"lever_attempt_result","data":{"runId":"ed7c5055-9e43-4916-a971-2475d0724add","attemptIndex":1,"success":false,"distilledAdded":1}}
{"t":"2025-11-26T08:05:51.440Z","msg":"lever_door_close","data":{"cmd":"/setblock 13 63 2 stripped_warped_stem"}}
{"t":"2025-11-26T08:05:51.741Z","msg":"lever_reset_block","data":{"cmd":"/setblock 15 65 -1 lever[face=wall,facing=west,powered=false]","pos":{"x":15,"y":65,"z":-1}}}
{"t":"2025-11-26T08:05:51.893Z","msg":"lever_reset_block","data":{"cmd":"/setblock 15 65 0 lever[face=wall,facing=west,powered=false]","pos":{"x":15,"y":65,"z":0}}}
{"t":"2025-11-26T08:05:52.043Z","msg":"lever_reset_block","data":{"cmd":"/setblock 15 65 1 lever[face=wall,facing=west,powered=false]","pos":{"x":15,"y":65,"z":1}}}
{"t":"2025-11-26T08:05:52.444Z","msg":"lever_incorrect","data":{"runId":"ed7c5055-9e43-4916-a971-2475d0724add","attemptIndex":1,"sequence":[2,1,3]}}
{"t":"2025-11-26T08:05:52.853Z","msg":"lever_attempt","data":{"runId":"ed7c5055-9e43-4916-a971-2475d0724add","attemptIndex":2,"sequence":[1,2,3],"source":"fallback_random","memoryCount":5,"retrievalLatency":8}}
{"t":"2025-11-26T08:05:52.853Z","msg":"lever_block_found","data":{"leverIndex":1,"blockPosition":{"x":15,"y":65,"z":-1},"blockName":"lever"}}
{"t":"2025-11-26T08:05:53.354Z","msg":"lever_block_found","data":{"leverIndex":2,"blockPosition":{"x":15,"y":65,"z":0},"blockName":"lever"}}
{"t":"2025-11-26T08:05:53.856Z","msg":"lever_block_found","data":{"leverIndex":3,"blockPosition":{"x":15,"y":65,"z":1},"blockName":"lever"}}
{"t":"2025-11-26T08:05:54.697Z","msg":"lever_attempt_result","data":{"runId":"ed7c5055-9e43-4916-a971-2475d0724add","attemptIndex":2,"success":false,"distilledAdded":1}}
{"t":"2025-11-26T08:05:54.698Z","msg":"lever_door_close","data":{"cmd":"/setblock 13 63 2 stripped_warped_stem"}}
{"t":"2025-11-26T08:05:54.999Z","msg":"lever_reset_block","data":{"cmd":"/setblock 15 65 -1 lever[face=wall,facing=west,powered=false]","pos":{"x":15,"y":65,"z":-1}}}
{"t":"2025-11-26T08:05:55.151Z","msg":"lever_reset_block","data":{"cmd":"/setblock 15 65 0 lever[face=wall,facing=west,powered=false]","pos":{"x":15,"y":65,"z":0}}}
{"t":"2025-11-26T08:05:55.302Z","msg":"lever_reset_block","data":{"cmd":"/setblock 15 65 1 lever[face=wall,facing=west,powered=false]","pos":{"x":15,"y":65,"z":1}}}
{"t":"2025-11-26T08:05:55.704Z","msg":"lever_incorrect","data":{"runId":"ed7c5055-9e43-4916-a971-2475d0724add","attemptIndex":2,"sequence":[1,2,3]}}
{"t":"2025-11-26T08:05:56.111Z","msg":"lever_attempt","data":{"runId":"ed7c5055-9e43-4916-a971-2475d0724add","attemptIndex":3,"sequence":[2,1,3],"source":"fallback_random","memoryCount":5,"retrievalLatency":6}}
{"t":"2025-11-26T08:05:56.111Z","msg":"lever_block_found","data":{"leverIndex":2,"blockPosition":{"x":15,"y":65,"z":0},"blockName":"lever"}}
{"t":"2025-11-26T08:05:56.613Z","msg":"lever_block_found","data":{"leverIndex":1,"blockPosition":{"x":15,"y":65,"z":-1},"blockName":"lever"}}
{"t":"2025-11-26T08:05:57.115Z","msg":"lever_block_found","data":{"leverIndex":3,"blockPosition":{"x":15,"y":65,"z":1},"blockName":"lever"}}
{"t":"2025-11-26T08:05:57.957Z","msg":"lever_attempt_result","data":{"runId":"ed7c5055-9e43-4916-a971-2475d0724add","attemptIndex":3,"success":false,"distilledAdded":1}}
{"t":"2025-11-26T08:05:57.957Z","msg":"lever_door_close","data":{"cmd":"/setblock 13 63 2 stripped_warped_stem"}}
{"t":"2025-11-26T08:05:58.258Z","msg":"lever_reset_block","data":{"cmd":"/setblock 15 65 -1 lever[face=wall,facing=west,powered=false]","pos":{"x":15,"y":65,"z":-1}}}
{"t":"2025-11-26T08:05:58.409Z","msg":"lever_reset_block","data":{"cmd":"/setblock 15 65 0 lever[face=wall,facing=west,powered=false]","pos":{"x":15,"y":65,"z":0}}}
{"t":"2025-11-26T08:05:58.560Z","msg":"lever_reset_block","data":{"cmd":"/setblock 15 65 1 lever[face=wall,facing=west,powered=false]","pos":{"x":15,"y":65,"z":1}}}
{"t":"2025-11-26T08:05:58.961Z","msg":"lever_incorrect","data":{"runId":"ed7c5055-9e43-4916-a971-2475d0724add","attemptIndex":3,"sequence":[2,1,3]}}
{"t":"2025-11-26T08:05:59.370Z","msg":"lever_attempt","data":{"runId":"ed7c5055-9e43-4916-a971-2475d0724add","attemptIndex":4,"sequence":[2,1,3],"source":"fallback_random","memoryCount":5,"retrievalLatency":6}}
{"t":"2025-11-26T08:05:59.370Z","msg":"lever_block_found","data":{"leverIndex":2,"blockPosition":{"x":15,"y":65,"z":0},"blockName":"lever"}}
{"t":"2025-11-26T08:05:59.871Z","msg":"lever_block_found","data":{"leverIndex":1,"blockPosition":{"x":15,"y":65,"z":-1},"blockName":"lever"}}
{"t":"2025-11-26T08:06:00.372Z","msg":"lever_block_found","data":{"leverIndex":3,"blockPosition":{"x":15,"y":65,"z":1},"blockName":"lever"}}
{"t":"2025-11-26T08:06:01.213Z","msg":"lever_attempt_result","data":{"runId":"ed7c5055-9e43-4916-a971-2475d0724add","attemptIndex":4,"success":false,"distilledAdded":1}}
{"t":"2025-11-26T08:06:01.214Z","msg":"lever_door_close","data":{"cmd":"/setblock 13 63 2 stripped_warped_stem"}}
{"t":"2025-11-26T08:06:01.514Z","msg":"lever_reset_block","data":{"cmd":"/setblock 15 65 -1 lever[face=wall,facing=west,powered=false]","pos":{"x":15,"y":65,"z":-1}}}
{"t":"2025-11-26T08:06:01.665Z","msg":"lever_reset_block","data":{"cmd":"/setblock 15 65 0 lever[face=wall,facing=west,powered=false]","pos":{"x":15,"y":65,"z":0}}}
{"t":"2025-11-26T08:06:01.817Z","msg":"lever_reset_block","data":{"cmd":"/setblock 15 65 1 lever[face=wall,facing=west,powered=false]","pos":{"x":15,"y":65,"z":1}}}
{"t":"2025-11-26T08:06:02.219Z","msg":"lever_incorrect","data":{"runId":"ed7c5055-9e43-4916-a971-2475d0724add","attemptIndex":4,"sequence":[2,1,3]}}
{"t":"2025-11-26T08:06:02.628Z","msg":"lever_attempt","data":{"runId":"ed7c5055-9e43-4916-a971-2475d0724add","attemptIndex":5,"sequence":[3,1,2],"source":"fallback_random","memoryCount":5,"retrievalLatency":8}}
{"t":"2025-11-26T08:06:02.628Z","msg":"lever_block_found","data":{"leverIndex":3,"blockPosition":{"x":15,"y":65,"z":1},"blockName":"lever"}}
{"t":"2025-11-26T08:06:03.130Z","msg":"lever_block_found","data":{"leverIndex":1,"blockPosition":{"x":15,"y":65,"z":-1},"blockName":"lever"}}
{"t":"2025-11-26T08:06:03.633Z","msg":"lever_block_found","data":{"leverIndex":2,"blockPosition":{"x":15,"y":65,"z":0},"blockName":"lever"}}
{"t":"2025-11-26T08:06:04.475Z","msg":"lever_attempt_result","data":{"runId":"ed7c5055-9e43-4916-a971-2475d0724add","attemptIndex":5,"success":false,"distilledAdded":1}}
{"t":"2025-11-26T08:06:04.476Z","msg":"lever_door_close","data":{"cmd":"/setblock 13 63 2 stripped_warped_stem"}}
{"t":"2025-11-26T08:06:04.777Z","msg":"lever_reset_block","data":{"cmd":"/setblock 15 65 -1 lever[face=wall,facing=west,powered=false]","pos":{"x":15,"y":65,"z":-1}}}
{"t":"2025-11-26T08:06:04.928Z","msg":"lever_reset_block","data":{"cmd":"/setblock 15 65 0 lever[face=wall,facing=west,powered=false]","pos":{"x":15,"y":65,"z":0}}}
{"t":"2025-11-26T08:06:05.079Z","msg":"lever_reset_block","data":{"cmd":"/setblock 15 65 1 lever[face=wall,facing=west,powered=false]","pos":{"x":15,"y":65,"z":1}}}
{"t":"2025-11-26T08:06:05.481Z","msg":"lever_incorrect","data":{"runId":"ed7c5055-9e43-4916-a971-2475d0724add","attemptIndex":5,"sequence":[3,1,2]}}
{"t":"2025-11-26T08:06:05.884Z","msg":"lever_episode_end","data":{"runId":"ed7c5055-9e43-4916-a971-2475d0724add","scenarioId":"lever_puzzle_3","attempts":6,"solved":false}}
