{"t":"2025-11-26T07:14:46.899Z","msg":"maze_episode_start","data":{"runId":"026c4808-a95d-4596-8b3c-36ba0066f472","scenarioId":"maze_v1","maxAttempts":6}}
{"t":"2025-11-26T07:14:46.899Z","msg":"maze_attempt","data":{"runId":"026c4808-a95d-4596-8b3c-36ba0066f472","attemptIndex":0,"plan":{"type":"direct_path","target":{"x":10,"y":64,"z":10},"turnSequence":null,"source":"naive_exploration"},"distilledCount":2}}
{"t":"2025-11-26T07:14:46.902Z","msg":"maze_attempt_start","data":{"startPos":{"x":0,"y":64,"z":0},"goalPos":{"x":10,"y":64,"z":10},"plan":{"type":"direct_path","target":{"x":10,"y":64,"z":10},"turnSequence":null,"source":"naive_exploration"}}}
{"t":"2025-11-26T07:14:46.903Z","msg":"maze_move_to_start","data":{"target":{"x":0,"y":64,"z":0}}}
{"t":"2025-11-26T07:14:48.403Z","msg":"maze_move_to_goal","data":{"target":{"x":10,"y":64,"z":10}}}
{"t":"2025-11-26T07:14:48.414Z","msg":"maze_path_update","data":{"step":2,"status":"noPath","nodes":0,"position":{"x":5.520735113150585,"y":4,"z":5.4999999728568305}}}
{"t":"2025-11-26T07:16:28.404Z","msg":"maze_attempt_end","data":{"success":false,"reason":"timeout","stepCount":2,"finalPos":{"x":5.520735113150585,"y":4,"z":5.4999999728568305},"distanceToGoal":6.349316039610144}}
{"t":"2025-11-26T07:16:28.405Z","msg":"maze_attempt_result","data":{"runId":"026c4808-a95d-4596-8b3c-36ba0066f472","attemptIndex":0,"success":false,"stepCount":2,"distilledAdded":1}}
{"t":"2025-11-26T07:16:28.906Z","msg":"maze_attempt","data":{"runId":"026c4808-a95d-4596-8b3c-36ba0066f472","attemptIndex":1,"plan":{"type":"direct_path","target":{"x":10,"y":64,"z":10},"turnSequence":null,"source":"avoidance_mode"},"distilledCount":3}}
{"t":"2025-11-26T07:16:28.912Z","msg":"maze_attempt_start","data":{"startPos":{"x":0,"y":64,"z":0},"goalPos":{"x":10,"y":64,"z":10},"plan":{"type":"direct_path","target":{"x":10,"y":64,"z":10},"turnSequence":null,"source":"avoidance_mode"}}}
{"t":"2025-11-26T07:16:28.912Z","msg":"maze_move_to_start","data":{"target":{"x":0,"y":64,"z":0}}}
{"t":"2025-11-26T07:16:30.414Z","msg":"maze_move_to_goal","data":{"target":{"x":10,"y":64,"z":10}}}
{"t":"2025-11-26T07:16:30.440Z","msg":"maze_path_update","data":{"step":2,"status":"noPath","nodes":0,"position":{"x":5.520735113150585,"y":4,"z":5.4999999728568305}}}
{"t":"2025-11-26T07:18:10.416Z","msg":"maze_attempt_end","data":{"success":false,"reason":"timeout","stepCount":2,"finalPos":{"x":5.520735113150585,"y":4,"z":5.4999999728568305},"distanceToGoal":6.349316039610144}}
{"t":"2025-11-26T07:18:10.418Z","msg":"maze_attempt_result","data":{"runId":"026c4808-a95d-4596-8b3c-36ba0066f472","attemptIndex":1,"success":false,"stepCount":2,"distilledAdded":1}}
{"t":"2025-11-26T07:18:10.919Z","msg":"maze_attempt","data":{"runId":"026c4808-a95d-4596-8b3c-36ba0066f472","attemptIndex":2,"plan":{"type":"direct_path","target":{"x":10,"y":64,"z":10},"turnSequence":null,"source":"avoidance_mode"},"distilledCount":4}}
{"t":"2025-11-26T07:18:10.924Z","msg":"maze_attempt_start","data":{"startPos":{"x":0,"y":64,"z":0},"goalPos":{"x":10,"y":64,"z":10},"plan":{"type":"direct_path","target":{"x":10,"y":64,"z":10},"turnSequence":null,"source":"avoidance_mode"}}}
{"t":"2025-11-26T07:18:10.924Z","msg":"maze_move_to_start","data":{"target":{"x":0,"y":64,"z":0}}}
{"t":"2025-11-26T07:18:12.425Z","msg":"maze_move_to_goal","data":{"target":{"x":10,"y":64,"z":10}}}
{"t":"2025-11-26T07:18:12.463Z","msg":"maze_path_update","data":{"step":2,"status":"noPath","nodes":0,"position":{"x":5.520735113150585,"y":4,"z":5.4999999728568305}}}
{"t":"2025-11-26T07:19:52.426Z","msg":"maze_attempt_end","data":{"success":false,"reason":"timeout","stepCount":2,"finalPos":{"x":5.520735113150585,"y":4,"z":5.4999999728568305},"distanceToGoal":6.349316039610144}}
{"t":"2025-11-26T07:19:52.427Z","msg":"maze_attempt_result","data":{"runId":"026c4808-a95d-4596-8b3c-36ba0066f472","attemptIndex":2,"success":false,"stepCount":2,"distilledAdded":1}}
{"t":"2025-11-26T07:19:52.928Z","msg":"maze_attempt","data":{"runId":"026c4808-a95d-4596-8b3c-36ba0066f472","attemptIndex":3,"plan":{"type":"direct_path","target":{"x":10,"y":64,"z":10},"turnSequence":null,"source":"avoidance_mode"},"distilledCount":5}}
{"t":"2025-11-26T07:19:52.933Z","msg":"maze_attempt_start","data":{"startPos":{"x":0,"y":64,"z":0},"goalPos":{"x":10,"y":64,"z":10},"plan":{"type":"direct_path","target":{"x":10,"y":64,"z":10},"turnSequence":null,"source":"avoidance_mode"}}}
{"t":"2025-11-26T07:19:52.933Z","msg":"maze_move_to_start","data":{"target":{"x":0,"y":64,"z":0}}}
{"t":"2025-11-26T07:19:54.434Z","msg":"maze_move_to_goal","data":{"target":{"x":10,"y":64,"z":10}}}
{"t":"2025-11-26T07:19:54.478Z","msg":"maze_path_update","data":{"step":2,"status":"noPath","nodes":0,"position":{"x":5.520735113150585,"y":4,"z":5.4999999728568305}}}
{"t":"2025-11-26T07:21:34.435Z","msg":"maze_attempt_end","data":{"success":false,"reason":"timeout","stepCount":2,"finalPos":{"x":5.520735113150585,"y":4,"z":5.4999999728568305},"distanceToGoal":6.349316039610144}}
{"t":"2025-11-26T07:21:34.436Z","msg":"maze_attempt_result","data":{"runId":"026c4808-a95d-4596-8b3c-36ba0066f472","attemptIndex":3,"success":false,"stepCount":2,"distilledAdded":1}}
{"t":"2025-11-26T07:21:34.937Z","msg":"maze_attempt","data":{"runId":"026c4808-a95d-4596-8b3c-36ba0066f472","attemptIndex":4,"plan":{"type":"direct_path","target":{"x":10,"y":64,"z":10},"turnSequence":null,"source":"avoidance_mode"},"distilledCount":6}}
{"t":"2025-11-26T07:21:34.942Z","msg":"maze_attempt_start","data":{"startPos":{"x":0,"y":64,"z":0},"goalPos":{"x":10,"y":64,"z":10},"plan":{"type":"direct_path","target":{"x":10,"y":64,"z":10},"turnSequence":null,"source":"avoidance_mode"}}}
{"t":"2025-11-26T07:21:34.942Z","msg":"maze_move_to_start","data":{"target":{"x":0,"y":64,"z":0}}}
{"t":"2025-11-26T07:21:36.444Z","msg":"maze_move_to_goal","data":{"target":{"x":10,"y":64,"z":10}}}
{"t":"2025-11-26T07:21:36.465Z","msg":"maze_path_update","data":{"step":2,"status":"noPath","nodes":0,"position":{"x":5.520735113150585,"y":4,"z":5.4999999728568305}}}
{"t":"2025-11-26T07:23:16.445Z","msg":"maze_attempt_end","data":{"success":false,"reason":"timeout","stepCount":2,"finalPos":{"x":5.520735113150585,"y":4,"z":5.4999999728568305},"distanceToGoal":6.349316039610144}}
{"t":"2025-11-26T07:23:16.446Z","msg":"maze_attempt_result","data":{"runId":"026c4808-a95d-4596-8b3c-36ba0066f472","attemptIndex":4,"success":false,"stepCount":2,"distilledAdded":1}}
{"t":"2025-11-26T07:23:16.947Z","msg":"maze_attempt","data":{"runId":"026c4808-a95d-4596-8b3c-36ba0066f472","attemptIndex":5,"plan":{"type":"direct_path","target":{"x":10,"y":64,"z":10},"turnSequence":null,"source":"avoidance_mode"},"distilledCount":7}}
{"t":"2025-11-26T07:23:16.950Z","msg":"maze_attempt_start","data":{"startPos":{"x":0,"y":64,"z":0},"goalPos":{"x":10,"y":64,"z":10},"plan":{"type":"direct_path","target":{"x":10,"y":64,"z":10},"turnSequence":null,"source":"avoidance_mode"}}}
{"t":"2025-11-26T07:23:16.950Z","msg":"maze_move_to_start","data":{"target":{"x":0,"y":64,"z":0}}}
{"t":"2025-11-26T07:23:18.451Z","msg":"maze_move_to_goal","data":{"target":{"x":10,"y":64,"z":10}}}
{"t":"2025-11-26T07:23:18.490Z","msg":"maze_path_update","data":{"step":2,"status":"noPath","nodes":0,"position":{"x":5.520735113150585,"y":4,"z":5.4999999728568305}}}
{"t":"2025-11-26T07:24:58.451Z","msg":"maze_attempt_end","data":{"success":false,"reason":"timeout","stepCount":2,"finalPos":{"x":5.520735113150585,"y":4,"z":5.4999999728568305},"distanceToGoal":6.349316039610144}}
{"t":"2025-11-26T07:24:58.453Z","msg":"maze_attempt_result","data":{"runId":"026c4808-a95d-4596-8b3c-36ba0066f472","attemptIndex":5,"success":false,"stepCount":2,"distilledAdded":1}}
{"t":"2025-11-26T07:24:58.954Z","msg":"maze_episode_end","data":{"runId":"026c4808-a95d-4596-8b3c-36ba0066f472","scenarioId":"maze_v1","attempts":6,"solved":false}}
