{"t":"2025-11-20T09:21:38.825Z","msg":"lever_episode_start","data":{"runId":"e7c3c26c-b7d1-4181-affb-69acac6d3bca","scenarioId":"lever_puzzle_3"}}
{"t":"2025-11-20T09:21:38.826Z","msg":"door_state_change","data":{"open":false,"command":"/setblock 13 63 2 stripped_warped_stem","powerPos":{"x":13,"y":63,"z":2}}}
{"t":"2025-11-20T09:21:39.028Z","msg":"lever_reset","data":{"position":{"x":15,"y":65,"z":-1},"command":"/setblock 15 65 -1 lever[face=wall,facing=west,powered=false]"}}
{"t":"2025-11-20T09:21:39.128Z","msg":"lever_reset","data":{"position":{"x":15,"y":65,"z":0},"command":"/setblock 15 65 0 lever[face=wall,facing=west,powered=false]"}}
{"t":"2025-11-20T09:21:39.229Z","msg":"lever_reset","data":{"position":{"x":15,"y":65,"z":1},"command":"/setblock 15 65 1 lever[face=wall,facing=west,powered=false]"}}
{"t":"2025-11-20T09:21:39.330Z","msg":"lever_attempt","data":{"runId":"e7c3c26c-b7d1-4181-affb-69acac6d3bca","attemptIndex":0,"sequence":[3,3,2],"source":"random"}}
{"t":"2025-11-20T09:21:39.356Z","msg":"debug_lever_scan","data":{"botPosition":{"x":14.5,"y":64,"z":0.5},"foundLevers":[{"x":15,"y":65,"z":0},{"x":15,"y":65,"z":1},{"x":15,"y":65,"z":-1}]}}
{"t":"2025-11-20T09:21:39.356Z","msg":"lever_block_found","data":{"leverIndex":3,"blockPosition":{"x":15,"y":65,"z":1},"blockName":"lever"}}
{"t":"2025-11-20T09:21:39.859Z","msg":"lever_block_found","data":{"leverIndex":3,"blockPosition":{"x":15,"y":65,"z":1},"blockName":"lever"}}
{"t":"2025-11-20T09:21:40.359Z","msg":"lever_block_found","data":{"leverIndex":2,"blockPosition":{"x":15,"y":65,"z":0},"blockName":"lever"}}
{"t":"2025-11-20T09:21:40.861Z","msg":"lever_attempt_result","data":{"runId":"e7c3c26c-b7d1-4181-affb-69acac6d3bca","attemptIndex":0,"sequence":[3,3,2],"isCorrect":false}}
{"t":"2025-11-20T09:21:40.862Z","msg":"door_state_change","data":{"open":false,"command":"/setblock 13 63 2 stripped_warped_stem","powerPos":{"x":13,"y":63,"z":2}}}
{"t":"2025-11-20T09:21:41.063Z","msg":"lever_reset","data":{"position":{"x":15,"y":65,"z":-1},"command":"/setblock 15 65 -1 lever[face=wall,facing=west,powered=false]"}}
{"t":"2025-11-20T09:21:41.163Z","msg":"lever_reset","data":{"position":{"x":15,"y":65,"z":0},"command":"/setblock 15 65 0 lever[face=wall,facing=west,powered=false]"}}
{"t":"2025-11-20T09:21:41.264Z","msg":"lever_reset","data":{"position":{"x":15,"y":65,"z":1},"command":"/setblock 15 65 1 lever[face=wall,facing=west,powered=false]"}}
{"t":"2025-11-20T09:21:41.365Z","msg":"lever_incorrect","data":{"runId":"e7c3c26c-b7d1-4181-affb-69acac6d3bca","attemptIndex":0,"sequence":[3,3,2]}}
{"t":"2025-11-20T09:21:41.365Z","msg":"lever_attempt","data":{"runId":"e7c3c26c-b7d1-4181-affb-69acac6d3bca","attemptIndex":1,"sequence":[3,2,3],"source":"random"}}
{"t":"2025-11-20T09:21:41.366Z","msg":"lever_block_found","data":{"leverIndex":3,"blockPosition":{"x":15,"y":65,"z":1},"blockName":"lever"}}
{"t":"2025-11-20T09:21:41.867Z","msg":"lever_block_found","data":{"leverIndex":2,"blockPosition":{"x":15,"y":65,"z":0},"blockName":"lever"}}
{"t":"2025-11-20T09:21:42.367Z","msg":"lever_block_found","data":{"leverIndex":3,"blockPosition":{"x":15,"y":65,"z":1},"blockName":"lever"}}
{"t":"2025-11-20T09:21:42.869Z","msg":"lever_attempt_result","data":{"runId":"e7c3c26c-b7d1-4181-affb-69acac6d3bca","attemptIndex":1,"sequence":[3,2,3],"isCorrect":false}}
{"t":"2025-11-20T09:21:42.869Z","msg":"door_state_change","data":{"open":false,"command":"/setblock 13 63 2 stripped_warped_stem","powerPos":{"x":13,"y":63,"z":2}}}
{"t":"2025-11-20T09:21:43.070Z","msg":"lever_reset","data":{"position":{"x":15,"y":65,"z":-1},"command":"/setblock 15 65 -1 lever[face=wall,facing=west,powered=false]"}}
{"t":"2025-11-20T09:21:43.170Z","msg":"lever_reset","data":{"position":{"x":15,"y":65,"z":0},"command":"/setblock 15 65 0 lever[face=wall,facing=west,powered=false]"}}
{"t":"2025-11-20T09:21:43.270Z","msg":"lever_reset","data":{"position":{"x":15,"y":65,"z":1},"command":"/setblock 15 65 1 lever[face=wall,facing=west,powered=false]"}}
{"t":"2025-11-20T09:21:43.370Z","msg":"lever_incorrect","data":{"runId":"e7c3c26c-b7d1-4181-affb-69acac6d3bca","attemptIndex":1,"sequence":[3,2,3]}}
{"t":"2025-11-20T09:21:43.370Z","msg":"lever_attempt","data":{"runId":"e7c3c26c-b7d1-4181-affb-69acac6d3bca","attemptIndex":2,"sequence":[2,1,2],"source":"random"}}
{"t":"2025-11-20T09:21:43.370Z","msg":"lever_block_found","data":{"leverIndex":2,"blockPosition":{"x":15,"y":65,"z":0},"blockName":"lever"}}
{"t":"2025-11-20T09:21:43.871Z","msg":"lever_block_found","data":{"leverIndex":1,"blockPosition":{"x":15,"y":65,"z":-1},"blockName":"lever"}}
{"t":"2025-11-20T09:21:44.372Z","msg":"lever_block_found","data":{"leverIndex":2,"blockPosition":{"x":15,"y":65,"z":0},"blockName":"lever"}}
{"t":"2025-11-20T09:21:44.872Z","msg":"lever_attempt_result","data":{"runId":"e7c3c26c-b7d1-4181-affb-69acac6d3bca","attemptIndex":2,"sequence":[2,1,2],"isCorrect":false}}
{"t":"2025-11-20T09:21:44.872Z","msg":"door_state_change","data":{"open":false,"command":"/setblock 13 63 2 stripped_warped_stem","powerPos":{"x":13,"y":63,"z":2}}}
{"t":"2025-11-20T09:21:45.073Z","msg":"lever_reset","data":{"position":{"x":15,"y":65,"z":-1},"command":"/setblock 15 65 -1 lever[face=wall,facing=west,powered=false]"}}
{"t":"2025-11-20T09:21:45.174Z","msg":"lever_reset","data":{"position":{"x":15,"y":65,"z":0},"command":"/setblock 15 65 0 lever[face=wall,facing=west,powered=false]"}}
{"t":"2025-11-20T09:21:45.276Z","msg":"lever_reset","data":{"position":{"x":15,"y":65,"z":1},"command":"/setblock 15 65 1 lever[face=wall,facing=west,powered=false]"}}
{"t":"2025-11-20T09:21:45.376Z","msg":"lever_incorrect","data":{"runId":"e7c3c26c-b7d1-4181-affb-69acac6d3bca","attemptIndex":2,"sequence":[2,1,2]}}
{"t":"2025-11-20T09:21:45.376Z","msg":"lever_attempt","data":{"runId":"e7c3c26c-b7d1-4181-affb-69acac6d3bca","attemptIndex":3,"sequence":[1,3,3],"source":"random"}}
{"t":"2025-11-20T09:21:45.376Z","msg":"lever_block_found","data":{"leverIndex":1,"blockPosition":{"x":15,"y":65,"z":-1},"blockName":"lever"}}
{"t":"2025-11-20T09:21:45.877Z","msg":"lever_block_found","data":{"leverIndex":3,"blockPosition":{"x":15,"y":65,"z":1},"blockName":"lever"}}
{"t":"2025-11-20T09:21:46.380Z","msg":"lever_block_found","data":{"leverIndex":3,"blockPosition":{"x":15,"y":65,"z":1},"blockName":"lever"}}
{"t":"2025-11-20T09:21:46.881Z","msg":"lever_attempt_result","data":{"runId":"e7c3c26c-b7d1-4181-affb-69acac6d3bca","attemptIndex":3,"sequence":[1,3,3],"isCorrect":false}}
{"t":"2025-11-20T09:21:46.881Z","msg":"door_state_change","data":{"open":false,"command":"/setblock 13 63 2 stripped_warped_stem","powerPos":{"x":13,"y":63,"z":2}}}
{"t":"2025-11-20T09:21:47.081Z","msg":"lever_reset","data":{"position":{"x":15,"y":65,"z":-1},"command":"/setblock 15 65 -1 lever[face=wall,facing=west,powered=false]"}}
{"t":"2025-11-20T09:21:47.183Z","msg":"lever_reset","data":{"position":{"x":15,"y":65,"z":0},"command":"/setblock 15 65 0 lever[face=wall,facing=west,powered=false]"}}
{"t":"2025-11-20T09:21:47.283Z","msg":"lever_reset","data":{"position":{"x":15,"y":65,"z":1},"command":"/setblock 15 65 1 lever[face=wall,facing=west,powered=false]"}}
{"t":"2025-11-20T09:21:47.383Z","msg":"lever_incorrect","data":{"runId":"e7c3c26c-b7d1-4181-affb-69acac6d3bca","attemptIndex":3,"sequence":[1,3,3]}}
{"t":"2025-11-20T09:21:47.384Z","msg":"lever_attempt","data":{"runId":"e7c3c26c-b7d1-4181-affb-69acac6d3bca","attemptIndex":4,"sequence":[3,3,3],"source":"random"}}
{"t":"2025-11-20T09:21:47.384Z","msg":"lever_block_found","data":{"leverIndex":3,"blockPosition":{"x":15,"y":65,"z":1},"blockName":"lever"}}
{"t":"2025-11-20T09:21:47.884Z","msg":"lever_block_found","data":{"leverIndex":3,"blockPosition":{"x":15,"y":65,"z":1},"blockName":"lever"}}
{"t":"2025-11-20T09:21:48.386Z","msg":"lever_block_found","data":{"leverIndex":3,"blockPosition":{"x":15,"y":65,"z":1},"blockName":"lever"}}
{"t":"2025-11-20T09:21:48.888Z","msg":"lever_attempt_result","data":{"runId":"e7c3c26c-b7d1-4181-affb-69acac6d3bca","attemptIndex":4,"sequence":[3,3,3],"isCorrect":false}}
{"t":"2025-11-20T09:21:48.888Z","msg":"door_state_change","data":{"open":false,"command":"/setblock 13 63 2 stripped_warped_stem","powerPos":{"x":13,"y":63,"z":2}}}
{"t":"2025-11-20T09:21:49.088Z","msg":"lever_reset","data":{"position":{"x":15,"y":65,"z":-1},"command":"/setblock 15 65 -1 lever[face=wall,facing=west,powered=false]"}}
{"t":"2025-11-20T09:21:49.189Z","msg":"lever_reset","data":{"position":{"x":15,"y":65,"z":0},"command":"/setblock 15 65 0 lever[face=wall,facing=west,powered=false]"}}
{"t":"2025-11-20T09:21:49.290Z","msg":"lever_reset","data":{"position":{"x":15,"y":65,"z":1},"command":"/setblock 15 65 1 lever[face=wall,facing=west,powered=false]"}}
{"t":"2025-11-20T09:21:49.391Z","msg":"lever_incorrect","data":{"runId":"e7c3c26c-b7d1-4181-affb-69acac6d3bca","attemptIndex":4,"sequence":[3,3,3]}}
{"t":"2025-11-20T09:21:49.392Z","msg":"lever_attempt","data":{"runId":"e7c3c26c-b7d1-4181-affb-69acac6d3bca","attemptIndex":5,"sequence":[2,1,1],"source":"random"}}
{"t":"2025-11-20T09:21:49.392Z","msg":"lever_block_found","data":{"leverIndex":2,"blockPosition":{"x":15,"y":65,"z":0},"blockName":"lever"}}
{"t":"2025-11-20T09:21:49.893Z","msg":"lever_block_found","data":{"leverIndex":1,"blockPosition":{"x":15,"y":65,"z":-1},"blockName":"lever"}}
{"t":"2025-11-20T09:21:50.394Z","msg":"lever_block_found","data":{"leverIndex":1,"blockPosition":{"x":15,"y":65,"z":-1},"blockName":"lever"}}
{"t":"2025-11-20T09:21:50.896Z","msg":"lever_attempt_result","data":{"runId":"e7c3c26c-b7d1-4181-affb-69acac6d3bca","attemptIndex":5,"sequence":[2,1,1],"isCorrect":false}}
{"t":"2025-11-20T09:21:50.896Z","msg":"door_state_change","data":{"open":false,"command":"/setblock 13 63 2 stripped_warped_stem","powerPos":{"x":13,"y":63,"z":2}}}
{"t":"2025-11-20T09:21:51.098Z","msg":"lever_reset","data":{"position":{"x":15,"y":65,"z":-1},"command":"/setblock 15 65 -1 lever[face=wall,facing=west,powered=false]"}}
{"t":"2025-11-20T09:21:51.198Z","msg":"lever_reset","data":{"position":{"x":15,"y":65,"z":0},"command":"/setblock 15 65 0 lever[face=wall,facing=west,powered=false]"}}
{"t":"2025-11-20T09:21:51.299Z","msg":"lever_reset","data":{"position":{"x":15,"y":65,"z":1},"command":"/setblock 15 65 1 lever[face=wall,facing=west,powered=false]"}}
{"t":"2025-11-20T09:21:51.401Z","msg":"lever_incorrect","data":{"runId":"e7c3c26c-b7d1-4181-affb-69acac6d3bca","attemptIndex":5,"sequence":[2,1,1]}}
{"t":"2025-11-20T09:21:51.401Z","msg":"lever_attempt","data":{"runId":"e7c3c26c-b7d1-4181-affb-69acac6d3bca","attemptIndex":6,"sequence":[1,2,2],"source":"random"}}
{"t":"2025-11-20T09:21:51.401Z","msg":"lever_block_found","data":{"leverIndex":1,"blockPosition":{"x":15,"y":65,"z":-1},"blockName":"lever"}}
{"t":"2025-11-20T09:21:51.902Z","msg":"lever_block_found","data":{"leverIndex":2,"blockPosition":{"x":15,"y":65,"z":0},"blockName":"lever"}}
{"t":"2025-11-20T09:21:52.402Z","msg":"lever_block_found","data":{"leverIndex":2,"blockPosition":{"x":15,"y":65,"z":0},"blockName":"lever"}}
{"t":"2025-11-20T09:21:52.903Z","msg":"lever_attempt_result","data":{"runId":"e7c3c26c-b7d1-4181-affb-69acac6d3bca","attemptIndex":6,"sequence":[1,2,2],"isCorrect":false}}
{"t":"2025-11-20T09:21:52.903Z","msg":"door_state_change","data":{"open":false,"command":"/setblock 13 63 2 stripped_warped_stem","powerPos":{"x":13,"y":63,"z":2}}}
{"t":"2025-11-20T09:21:53.104Z","msg":"lever_reset","data":{"position":{"x":15,"y":65,"z":-1},"command":"/setblock 15 65 -1 lever[face=wall,facing=west,powered=false]"}}
{"t":"2025-11-20T09:21:53.205Z","msg":"lever_reset","data":{"position":{"x":15,"y":65,"z":0},"command":"/setblock 15 65 0 lever[face=wall,facing=west,powered=false]"}}
{"t":"2025-11-20T09:21:53.305Z","msg":"lever_reset","data":{"position":{"x":15,"y":65,"z":1},"command":"/setblock 15 65 1 lever[face=wall,facing=west,powered=false]"}}
{"t":"2025-11-20T09:21:53.405Z","msg":"lever_incorrect","data":{"runId":"e7c3c26c-b7d1-4181-affb-69acac6d3bca","attemptIndex":6,"sequence":[1,2,2]}}
{"t":"2025-11-20T09:21:53.405Z","msg":"lever_attempt","data":{"runId":"e7c3c26c-b7d1-4181-affb-69acac6d3bca","attemptIndex":7,"sequence":[1,1,2],"source":"random"}}
{"t":"2025-11-20T09:21:53.406Z","msg":"lever_block_found","data":{"leverIndex":1,"blockPosition":{"x":15,"y":65,"z":-1},"blockName":"lever"}}
{"t":"2025-11-20T09:21:53.906Z","msg":"lever_block_found","data":{"leverIndex":1,"blockPosition":{"x":15,"y":65,"z":-1},"blockName":"lever"}}
{"t":"2025-11-20T09:21:54.406Z","msg":"lever_block_found","data":{"leverIndex":2,"blockPosition":{"x":15,"y":65,"z":0},"blockName":"lever"}}
{"t":"2025-11-20T09:21:54.908Z","msg":"lever_attempt_result","data":{"runId":"e7c3c26c-b7d1-4181-affb-69acac6d3bca","attemptIndex":7,"sequence":[1,1,2],"isCorrect":false}}
{"t":"2025-11-20T09:21:54.909Z","msg":"door_state_change","data":{"open":false,"command":"/setblock 13 63 2 stripped_warped_stem","powerPos":{"x":13,"y":63,"z":2}}}
{"t":"2025-11-20T09:21:55.112Z","msg":"lever_reset","data":{"position":{"x":15,"y":65,"z":-1},"command":"/setblock 15 65 -1 lever[face=wall,facing=west,powered=false]"}}
{"t":"2025-11-20T09:21:55.213Z","msg":"lever_reset","data":{"position":{"x":15,"y":65,"z":0},"command":"/setblock 15 65 0 lever[face=wall,facing=west,powered=false]"}}
{"t":"2025-11-20T09:21:55.313Z","msg":"lever_reset","data":{"position":{"x":15,"y":65,"z":1},"command":"/setblock 15 65 1 lever[face=wall,facing=west,powered=false]"}}
{"t":"2025-11-20T09:21:55.414Z","msg":"lever_incorrect","data":{"runId":"e7c3c26c-b7d1-4181-affb-69acac6d3bca","attemptIndex":7,"sequence":[1,1,2]}}
{"t":"2025-11-20T09:21:55.414Z","msg":"lever_attempt","data":{"runId":"e7c3c26c-b7d1-4181-affb-69acac6d3bca","attemptIndex":8,"sequence":[1,2,2],"source":"random"}}
{"t":"2025-11-20T09:21:55.415Z","msg":"lever_block_found","data":{"leverIndex":1,"blockPosition":{"x":15,"y":65,"z":-1},"blockName":"lever"}}
{"t":"2025-11-20T09:21:55.915Z","msg":"lever_block_found","data":{"leverIndex":2,"blockPosition":{"x":15,"y":65,"z":0},"blockName":"lever"}}
{"t":"2025-11-20T09:21:56.417Z","msg":"lever_block_found","data":{"leverIndex":2,"blockPosition":{"x":15,"y":65,"z":0},"blockName":"lever"}}
{"t":"2025-11-20T09:21:56.919Z","msg":"lever_attempt_result","data":{"runId":"e7c3c26c-b7d1-4181-affb-69acac6d3bca","attemptIndex":8,"sequence":[1,2,2],"isCorrect":false}}
{"t":"2025-11-20T09:21:56.919Z","msg":"door_state_change","data":{"open":false,"command":"/setblock 13 63 2 stripped_warped_stem","powerPos":{"x":13,"y":63,"z":2}}}
{"t":"2025-11-20T09:21:57.120Z","msg":"lever_reset","data":{"position":{"x":15,"y":65,"z":-1},"command":"/setblock 15 65 -1 lever[face=wall,facing=west,powered=false]"}}
{"t":"2025-11-20T09:21:57.221Z","msg":"lever_reset","data":{"position":{"x":15,"y":65,"z":0},"command":"/setblock 15 65 0 lever[face=wall,facing=west,powered=false]"}}
{"t":"2025-11-20T09:21:57.321Z","msg":"lever_reset","data":{"position":{"x":15,"y":65,"z":1},"command":"/setblock 15 65 1 lever[face=wall,facing=west,powered=false]"}}
{"t":"2025-11-20T09:21:57.422Z","msg":"lever_incorrect","data":{"runId":"e7c3c26c-b7d1-4181-affb-69acac6d3bca","attemptIndex":8,"sequence":[1,2,2]}}
{"t":"2025-11-20T09:21:57.422Z","msg":"lever_attempt","data":{"runId":"e7c3c26c-b7d1-4181-affb-69acac6d3bca","attemptIndex":9,"sequence":[1,2,1],"source":"random"}}
{"t":"2025-11-20T09:21:57.422Z","msg":"lever_block_found","data":{"leverIndex":1,"blockPosition":{"x":15,"y":65,"z":-1},"blockName":"lever"}}
{"t":"2025-11-20T09:21:57.924Z","msg":"lever_block_found","data":{"leverIndex":2,"blockPosition":{"x":15,"y":65,"z":0},"blockName":"lever"}}
{"t":"2025-11-20T09:21:58.425Z","msg":"lever_block_found","data":{"leverIndex":1,"blockPosition":{"x":15,"y":65,"z":-1},"blockName":"lever"}}
{"t":"2025-11-20T09:21:58.926Z","msg":"lever_attempt_result","data":{"runId":"e7c3c26c-b7d1-4181-affb-69acac6d3bca","attemptIndex":9,"sequence":[1,2,1],"isCorrect":false}}
{"t":"2025-11-20T09:21:58.926Z","msg":"door_state_change","data":{"open":false,"command":"/setblock 13 63 2 stripped_warped_stem","powerPos":{"x":13,"y":63,"z":2}}}
{"t":"2025-11-20T09:21:59.127Z","msg":"lever_reset","data":{"position":{"x":15,"y":65,"z":-1},"command":"/setblock 15 65 -1 lever[face=wall,facing=west,powered=false]"}}
{"t":"2025-11-20T09:21:59.229Z","msg":"lever_reset","data":{"position":{"x":15,"y":65,"z":0},"command":"/setblock 15 65 0 lever[face=wall,facing=west,powered=false]"}}
{"t":"2025-11-20T09:21:59.329Z","msg":"lever_reset","data":{"position":{"x":15,"y":65,"z":1},"command":"/setblock 15 65 1 lever[face=wall,facing=west,powered=false]"}}
{"t":"2025-11-20T09:21:59.430Z","msg":"lever_incorrect","data":{"runId":"e7c3c26c-b7d1-4181-affb-69acac6d3bca","attemptIndex":9,"sequence":[1,2,1]}}
{"t":"2025-11-20T09:21:59.431Z","msg":"lever_episode_end","data":{"runId":"e7c3c26c-b7d1-4181-affb-69acac6d3bca","scenarioId":"lever_puzzle_3","solved":false,"attempts":10}}
{"t":"2025-11-20T09:22:12.661Z","msg":"lever_episode_start","data":{"runId":"581ba447-73ea-4509-bbe6-cf3e8d120c17","scenarioId":"lever_puzzle_3"}}
{"t":"2025-11-20T09:22:12.661Z","msg":"door_state_change","data":{"open":false,"command":"/setblock 13 63 2 stripped_warped_stem","powerPos":{"x":13,"y":63,"z":2}}}
{"t":"2025-11-20T09:22:12.861Z","msg":"lever_reset","data":{"position":{"x":15,"y":65,"z":-1},"command":"/setblock 15 65 -1 lever[face=wall,facing=west,powered=false]"}}
{"t":"2025-11-20T09:22:12.961Z","msg":"lever_reset","data":{"position":{"x":15,"y":65,"z":0},"command":"/setblock 15 65 0 lever[face=wall,facing=west,powered=false]"}}
{"t":"2025-11-20T09:22:13.062Z","msg":"lever_reset","data":{"position":{"x":15,"y":65,"z":1},"command":"/setblock 15 65 1 lever[face=wall,facing=west,powered=false]"}}
{"t":"2025-11-20T09:22:13.165Z","msg":"lever_attempt","data":{"runId":"581ba447-73ea-4509-bbe6-cf3e8d120c17","attemptIndex":0,"sequence":[1,1,2],"source":"random"}}
{"t":"2025-11-20T09:22:13.166Z","msg":"lever_block_found","data":{"leverIndex":1,"blockPosition":{"x":15,"y":65,"z":-1},"blockName":"lever"}}
{"t":"2025-11-20T09:22:13.666Z","msg":"lever_block_found","data":{"leverIndex":1,"blockPosition":{"x":15,"y":65,"z":-1},"blockName":"lever"}}
{"t":"2025-11-20T09:22:14.167Z","msg":"lever_block_found","data":{"leverIndex":2,"blockPosition":{"x":15,"y":65,"z":0},"blockName":"lever"}}
{"t":"2025-11-20T09:22:14.669Z","msg":"lever_attempt_result","data":{"runId":"581ba447-73ea-4509-bbe6-cf3e8d120c17","attemptIndex":0,"sequence":[1,1,2],"isCorrect":false}}
{"t":"2025-11-20T09:22:14.669Z","msg":"door_state_change","data":{"open":false,"command":"/setblock 13 63 2 stripped_warped_stem","powerPos":{"x":13,"y":63,"z":2}}}
{"t":"2025-11-20T09:22:14.871Z","msg":"lever_reset","data":{"position":{"x":15,"y":65,"z":-1},"command":"/setblock 15 65 -1 lever[face=wall,facing=west,powered=false]"}}
{"t":"2025-11-20T09:22:14.972Z","msg":"lever_reset","data":{"position":{"x":15,"y":65,"z":0},"command":"/setblock 15 65 0 lever[face=wall,facing=west,powered=false]"}}
{"t":"2025-11-20T09:22:15.073Z","msg":"lever_reset","data":{"position":{"x":15,"y":65,"z":1},"command":"/setblock 15 65 1 lever[face=wall,facing=west,powered=false]"}}
{"t":"2025-11-20T09:22:15.174Z","msg":"lever_incorrect","data":{"runId":"581ba447-73ea-4509-bbe6-cf3e8d120c17","attemptIndex":0,"sequence":[1,1,2]}}
{"t":"2025-11-20T09:22:15.174Z","msg":"lever_attempt","data":{"runId":"581ba447-73ea-4509-bbe6-cf3e8d120c17","attemptIndex":1,"sequence":[1,1,1],"source":"random"}}
{"t":"2025-11-20T09:22:15.175Z","msg":"lever_block_found","data":{"leverIndex":1,"blockPosition":{"x":15,"y":65,"z":-1},"blockName":"lever"}}
{"t":"2025-11-20T09:22:15.677Z","msg":"lever_block_found","data":{"leverIndex":1,"blockPosition":{"x":15,"y":65,"z":-1},"blockName":"lever"}}
{"t":"2025-11-20T09:22:16.178Z","msg":"lever_block_found","data":{"leverIndex":1,"blockPosition":{"x":15,"y":65,"z":-1},"blockName":"lever"}}
{"t":"2025-11-20T09:22:16.681Z","msg":"lever_attempt_result","data":{"runId":"581ba447-73ea-4509-bbe6-cf3e8d120c17","attemptIndex":1,"sequence":[1,1,1],"isCorrect":false}}
{"t":"2025-11-20T09:22:16.681Z","msg":"door_state_change","data":{"open":false,"command":"/setblock 13 63 2 stripped_warped_stem","powerPos":{"x":13,"y":63,"z":2}}}
{"t":"2025-11-20T09:22:16.882Z","msg":"lever_reset","data":{"position":{"x":15,"y":65,"z":-1},"command":"/setblock 15 65 -1 lever[face=wall,facing=west,powered=false]"}}
{"t":"2025-11-20T09:22:16.983Z","msg":"lever_reset","data":{"position":{"x":15,"y":65,"z":0},"command":"/setblock 15 65 0 lever[face=wall,facing=west,powered=false]"}}
{"t":"2025-11-20T09:22:17.086Z","msg":"lever_reset","data":{"position":{"x":15,"y":65,"z":1},"command":"/setblock 15 65 1 lever[face=wall,facing=west,powered=false]"}}
{"t":"2025-11-20T09:22:17.186Z","msg":"lever_incorrect","data":{"runId":"581ba447-73ea-4509-bbe6-cf3e8d120c17","attemptIndex":1,"sequence":[1,1,1]}}
{"t":"2025-11-20T09:22:17.186Z","msg":"lever_attempt","data":{"runId":"581ba447-73ea-4509-bbe6-cf3e8d120c17","attemptIndex":2,"sequence":[2,2,1],"source":"random"}}
{"t":"2025-11-20T09:22:17.186Z","msg":"lever_block_found","data":{"leverIndex":2,"blockPosition":{"x":15,"y":65,"z":0},"blockName":"lever"}}
{"t":"2025-11-20T09:22:17.690Z","msg":"lever_block_found","data":{"leverIndex":2,"blockPosition":{"x":15,"y":65,"z":0},"blockName":"lever"}}
{"t":"2025-11-20T09:22:18.193Z","msg":"lever_block_found","data":{"leverIndex":1,"blockPosition":{"x":15,"y":65,"z":-1},"blockName":"lever"}}
{"t":"2025-11-20T09:22:18.695Z","msg":"lever_attempt_result","data":{"runId":"581ba447-73ea-4509-bbe6-cf3e8d120c17","attemptIndex":2,"sequence":[2,2,1],"isCorrect":false}}
{"t":"2025-11-20T09:22:18.695Z","msg":"door_state_change","data":{"open":false,"command":"/setblock 13 63 2 stripped_warped_stem","powerPos":{"x":13,"y":63,"z":2}}}
{"t":"2025-11-20T09:22:18.896Z","msg":"lever_reset","data":{"position":{"x":15,"y":65,"z":-1},"command":"/setblock 15 65 -1 lever[face=wall,facing=west,powered=false]"}}
{"t":"2025-11-20T09:22:18.997Z","msg":"lever_reset","data":{"position":{"x":15,"y":65,"z":0},"command":"/setblock 15 65 0 lever[face=wall,facing=west,powered=false]"}}
{"t":"2025-11-20T09:22:19.100Z","msg":"lever_reset","data":{"position":{"x":15,"y":65,"z":1},"command":"/setblock 15 65 1 lever[face=wall,facing=west,powered=false]"}}
{"t":"2025-11-20T09:22:19.200Z","msg":"lever_incorrect","data":{"runId":"581ba447-73ea-4509-bbe6-cf3e8d120c17","attemptIndex":2,"sequence":[2,2,1]}}
{"t":"2025-11-20T09:22:19.200Z","msg":"lever_attempt","data":{"runId":"581ba447-73ea-4509-bbe6-cf3e8d120c17","attemptIndex":3,"sequence":[2,2,3],"source":"random"}}
{"t":"2025-11-20T09:22:19.201Z","msg":"lever_block_found","data":{"leverIndex":2,"blockPosition":{"x":15,"y":65,"z":0},"blockName":"lever"}}
{"t":"2025-11-20T09:22:19.702Z","msg":"lever_block_found","data":{"leverIndex":2,"blockPosition":{"x":15,"y":65,"z":0},"blockName":"lever"}}
{"t":"2025-11-20T09:22:20.204Z","msg":"lever_block_found","data":{"leverIndex":3,"blockPosition":{"x":15,"y":65,"z":1},"blockName":"lever"}}
{"t":"2025-11-20T09:22:20.706Z","msg":"lever_attempt_result","data":{"runId":"581ba447-73ea-4509-bbe6-cf3e8d120c17","attemptIndex":3,"sequence":[2,2,3],"isCorrect":false}}
{"t":"2025-11-20T09:22:20.706Z","msg":"door_state_change","data":{"open":false,"command":"/setblock 13 63 2 stripped_warped_stem","powerPos":{"x":13,"y":63,"z":2}}}
{"t":"2025-11-20T09:22:20.906Z","msg":"lever_reset","data":{"position":{"x":15,"y":65,"z":-1},"command":"/setblock 15 65 -1 lever[face=wall,facing=west,powered=false]"}}
{"t":"2025-11-20T09:22:21.006Z","msg":"lever_reset","data":{"position":{"x":15,"y":65,"z":0},"command":"/setblock 15 65 0 lever[face=wall,facing=west,powered=false]"}}
{"t":"2025-11-20T09:22:21.106Z","msg":"lever_reset","data":{"position":{"x":15,"y":65,"z":1},"command":"/setblock 15 65 1 lever[face=wall,facing=west,powered=false]"}}
{"t":"2025-11-20T09:22:21.206Z","msg":"lever_incorrect","data":{"runId":"581ba447-73ea-4509-bbe6-cf3e8d120c17","attemptIndex":3,"sequence":[2,2,3]}}
{"t":"2025-11-20T09:22:21.206Z","msg":"lever_attempt","data":{"runId":"581ba447-73ea-4509-bbe6-cf3e8d120c17","attemptIndex":4,"sequence":[1,3,3],"source":"random"}}
{"t":"2025-11-20T09:22:21.207Z","msg":"lever_block_found","data":{"leverIndex":1,"blockPosition":{"x":15,"y":65,"z":-1},"blockName":"lever"}}
{"t":"2025-11-20T09:22:21.707Z","msg":"lever_block_found","data":{"leverIndex":3,"blockPosition":{"x":15,"y":65,"z":1},"blockName":"lever"}}
{"t":"2025-11-20T09:22:22.208Z","msg":"lever_block_found","data":{"leverIndex":3,"blockPosition":{"x":15,"y":65,"z":1},"blockName":"lever"}}
{"t":"2025-11-20T09:22:22.708Z","msg":"lever_attempt_result","data":{"runId":"581ba447-73ea-4509-bbe6-cf3e8d120c17","attemptIndex":4,"sequence":[1,3,3],"isCorrect":false}}
{"t":"2025-11-20T09:22:22.709Z","msg":"door_state_change","data":{"open":false,"command":"/setblock 13 63 2 stripped_warped_stem","powerPos":{"x":13,"y":63,"z":2}}}
{"t":"2025-11-20T09:22:22.909Z","msg":"lever_reset","data":{"position":{"x":15,"y":65,"z":-1},"command":"/setblock 15 65 -1 lever[face=wall,facing=west,powered=false]"}}
{"t":"2025-11-20T09:22:23.009Z","msg":"lever_reset","data":{"position":{"x":15,"y":65,"z":0},"command":"/setblock 15 65 0 lever[face=wall,facing=west,powered=false]"}}
{"t":"2025-11-20T09:22:23.110Z","msg":"lever_reset","data":{"position":{"x":15,"y":65,"z":1},"command":"/setblock 15 65 1 lever[face=wall,facing=west,powered=false]"}}
{"t":"2025-11-20T09:22:23.210Z","msg":"lever_incorrect","data":{"runId":"581ba447-73ea-4509-bbe6-cf3e8d120c17","attemptIndex":4,"sequence":[1,3,3]}}
{"t":"2025-11-20T09:22:23.210Z","msg":"lever_attempt","data":{"runId":"581ba447-73ea-4509-bbe6-cf3e8d120c17","attemptIndex":5,"sequence":[3,3,2],"source":"random"}}
{"t":"2025-11-20T09:22:23.210Z","msg":"lever_block_found","data":{"leverIndex":3,"blockPosition":{"x":15,"y":65,"z":1},"blockName":"lever"}}
{"t":"2025-11-20T09:22:23.711Z","msg":"lever_block_found","data":{"leverIndex":3,"blockPosition":{"x":15,"y":65,"z":1},"blockName":"lever"}}
{"t":"2025-11-20T09:22:24.214Z","msg":"lever_block_found","data":{"leverIndex":2,"blockPosition":{"x":15,"y":65,"z":0},"blockName":"lever"}}
{"t":"2025-11-20T09:22:24.716Z","msg":"lever_attempt_result","data":{"runId":"581ba447-73ea-4509-bbe6-cf3e8d120c17","attemptIndex":5,"sequence":[3,3,2],"isCorrect":false}}
{"t":"2025-11-20T09:22:24.716Z","msg":"door_state_change","data":{"open":false,"command":"/setblock 13 63 2 stripped_warped_stem","powerPos":{"x":13,"y":63,"z":2}}}
{"t":"2025-11-20T09:22:24.917Z","msg":"lever_reset","data":{"position":{"x":15,"y":65,"z":-1},"command":"/setblock 15 65 -1 lever[face=wall,facing=west,powered=false]"}}
{"t":"2025-11-20T09:22:25.019Z","msg":"lever_reset","data":{"position":{"x":15,"y":65,"z":0},"command":"/setblock 15 65 0 lever[face=wall,facing=west,powered=false]"}}
{"t":"2025-11-20T09:22:25.121Z","msg":"lever_reset","data":{"position":{"x":15,"y":65,"z":1},"command":"/setblock 15 65 1 lever[face=wall,facing=west,powered=false]"}}
{"t":"2025-11-20T09:22:25.222Z","msg":"lever_incorrect","data":{"runId":"581ba447-73ea-4509-bbe6-cf3e8d120c17","attemptIndex":5,"sequence":[3,3,2]}}
{"t":"2025-11-20T09:22:25.222Z","msg":"lever_attempt","data":{"runId":"581ba447-73ea-4509-bbe6-cf3e8d120c17","attemptIndex":6,"sequence":[1,3,3],"source":"random"}}
{"t":"2025-11-20T09:22:25.222Z","msg":"lever_block_found","data":{"leverIndex":1,"blockPosition":{"x":15,"y":65,"z":-1},"blockName":"lever"}}
{"t":"2025-11-20T09:22:25.724Z","msg":"lever_block_found","data":{"leverIndex":3,"blockPosition":{"x":15,"y":65,"z":1},"blockName":"lever"}}
{"t":"2025-11-20T09:22:26.224Z","msg":"lever_block_found","data":{"leverIndex":3,"blockPosition":{"x":15,"y":65,"z":1},"blockName":"lever"}}
{"t":"2025-11-20T09:22:26.728Z","msg":"lever_attempt_result","data":{"runId":"581ba447-73ea-4509-bbe6-cf3e8d120c17","attemptIndex":6,"sequence":[1,3,3],"isCorrect":false}}
{"t":"2025-11-20T09:22:26.729Z","msg":"door_state_change","data":{"open":false,"command":"/setblock 13 63 2 stripped_warped_stem","powerPos":{"x":13,"y":63,"z":2}}}
{"t":"2025-11-20T09:22:26.930Z","msg":"lever_reset","data":{"position":{"x":15,"y":65,"z":-1},"command":"/setblock 15 65 -1 lever[face=wall,facing=west,powered=false]"}}
{"t":"2025-11-20T09:22:27.030Z","msg":"lever_reset","data":{"position":{"x":15,"y":65,"z":0},"command":"/setblock 15 65 0 lever[face=wall,facing=west,powered=false]"}}
{"t":"2025-11-20T09:22:27.131Z","msg":"lever_reset","data":{"position":{"x":15,"y":65,"z":1},"command":"/setblock 15 65 1 lever[face=wall,facing=west,powered=false]"}}
{"t":"2025-11-20T09:22:27.232Z","msg":"lever_incorrect","data":{"runId":"581ba447-73ea-4509-bbe6-cf3e8d120c17","attemptIndex":6,"sequence":[1,3,3]}}
{"t":"2025-11-20T09:22:27.233Z","msg":"lever_attempt","data":{"runId":"581ba447-73ea-4509-bbe6-cf3e8d120c17","attemptIndex":7,"sequence":[2,3,1],"source":"random"}}
{"t":"2025-11-20T09:22:27.233Z","msg":"lever_block_found","data":{"leverIndex":2,"blockPosition":{"x":15,"y":65,"z":0},"blockName":"lever"}}
{"t":"2025-11-20T09:22:27.734Z","msg":"lever_block_found","data":{"leverIndex":3,"blockPosition":{"x":15,"y":65,"z":1},"blockName":"lever"}}
{"t":"2025-11-20T09:22:28.235Z","msg":"lever_block_found","data":{"leverIndex":1,"blockPosition":{"x":15,"y":65,"z":-1},"blockName":"lever"}}
{"t":"2025-11-20T09:22:28.736Z","msg":"lever_attempt_result","data":{"runId":"581ba447-73ea-4509-bbe6-cf3e8d120c17","attemptIndex":7,"sequence":[2,3,1],"isCorrect":true}}
{"t":"2025-11-20T09:22:28.737Z","msg":"door_state_change","data":{"open":true,"command":"/setblock 13 63 2 redstone_block","powerPos":{"x":13,"y":63,"z":2}}}
{"t":"2025-11-20T09:22:28.938Z","msg":"lever_solved","data":{"runId":"581ba447-73ea-4509-bbe6-cf3e8d120c17","attempts":8,"sequence":[2,3,1]}}
{"t":"2025-11-20T09:22:28.938Z","msg":"lever_episode_end","data":{"runId":"581ba447-73ea-4509-bbe6-cf3e8d120c17","scenarioId":"lever_puzzle_3","solved":true,"attempts":8}}
