{"t":"2025-11-26T07:54:58.237Z","msg":"key_finder_episode_start","data":{"runId":"a1db56ee-7ea6-4ecd-b5cf-4698a92e3085","scenarioId":"key_finder_v1","mode":"distilled"}}
{"t":"2025-11-26T07:54:58.238Z","msg":"key_reset_chest","data":{"cmd":"/setblock 5 4 5 chest[facing=north]"}}
{"t":"2025-11-26T07:54:58.652Z","msg":"key_attempt","data":{"runId":"a1db56ee-7ea6-4ecd-b5cf-4698a92e3085","attemptIndex":0,"targetPos":{"x":5,"y":4,"z":5},"source":"default","memoryCount":5,"retrievalLatency":9}}
{"t":"2025-11-26T07:55:03.721Z","msg":"key_attempt_result","data":{"runId":"a1db56ee-7ea6-4ecd-b5cf-4698a92e3085","attemptIndex":0,"success":false,"distilledAdded":1}}
{"t":"2025-11-26T07:55:03.722Z","msg":"key_reset_chest","data":{"cmd":"/setblock 5 4 5 chest[facing=north]"}}
{"t":"2025-11-26T07:55:04.631Z","msg":"key_attempt","data":{"runId":"a1db56ee-7ea6-4ecd-b5cf-4698a92e3085","attemptIndex":1,"targetPos":{"x":5,"y":4,"z":5},"source":"default","memoryCount":5,"retrievalLatency":9}}
{"t":"2025-11-26T07:55:05.045Z","msg":"key_attempt_result","data":{"runId":"a1db56ee-7ea6-4ecd-b5cf-4698a92e3085","attemptIndex":1,"success":false,"distilledAdded":1}}
{"t":"2025-11-26T07:55:05.046Z","msg":"key_reset_chest","data":{"cmd":"/setblock 5 4 5 chest[facing=north]"}}
{"t":"2025-11-26T07:55:05.959Z","msg":"key_attempt","data":{"runId":"a1db56ee-7ea6-4ecd-b5cf-4698a92e3085","attemptIndex":2,"targetPos":{"x":5,"y":4,"z":5},"source":"default","memoryCount":5,"retrievalLatency":6}}
{"t":"2025-11-26T07:55:06.333Z","msg":"key_attempt_result","data":{"runId":"a1db56ee-7ea6-4ecd-b5cf-4698a92e3085","attemptIndex":2,"success":false,"distilledAdded":1}}
{"t":"2025-11-26T07:55:06.334Z","msg":"key_reset_chest","data":{"cmd":"/setblock 5 4 5 chest[facing=north]"}}
{"t":"2025-11-26T07:55:07.269Z","msg":"key_attempt","data":{"runId":"a1db56ee-7ea6-4ecd-b5cf-4698a92e3085","attemptIndex":3,"targetPos":{"x":5,"y":4,"z":5},"source":"default","memoryCount":5,"retrievalLatency":5}}
{"t":"2025-11-26T07:55:07.651Z","msg":"key_attempt_result","data":{"runId":"a1db56ee-7ea6-4ecd-b5cf-4698a92e3085","attemptIndex":3,"success":false,"distilledAdded":1}}
{"t":"2025-11-26T07:55:07.652Z","msg":"key_reset_chest","data":{"cmd":"/setblock 5 4 5 chest[facing=north]"}}
{"t":"2025-11-26T07:55:08.566Z","msg":"key_attempt","data":{"runId":"a1db56ee-7ea6-4ecd-b5cf-4698a92e3085","attemptIndex":4,"targetPos":{"x":5,"y":4,"z":5},"source":"default","memoryCount":5,"retrievalLatency":7}}
{"t":"2025-11-26T07:55:08.943Z","msg":"key_attempt_result","data":{"runId":"a1db56ee-7ea6-4ecd-b5cf-4698a92e3085","attemptIndex":4,"success":false,"distilledAdded":1}}
{"t":"2025-11-26T07:55:08.943Z","msg":"key_reset_chest","data":{"cmd":"/setblock 5 4 5 chest[facing=north]"}}
{"t":"2025-11-26T07:55:09.860Z","msg":"key_attempt","data":{"runId":"a1db56ee-7ea6-4ecd-b5cf-4698a92e3085","attemptIndex":5,"targetPos":{"x":5,"y":4,"z":5},"source":"default","memoryCount":5,"retrievalLatency":6}}
{"t":"2025-11-26T07:55:10.236Z","msg":"key_attempt_result","data":{"runId":"a1db56ee-7ea6-4ecd-b5cf-4698a92e3085","attemptIndex":5,"success":false,"distilledAdded":1}}
{"t":"2025-11-26T07:55:10.236Z","msg":"key_reset_chest","data":{"cmd":"/setblock 5 4 5 chest[facing=north]"}}
{"t":"2025-11-26T07:55:11.164Z","msg":"key_finder_episode_end","data":{"runId":"a1db56ee-7ea6-4ecd-b5cf-4698a92e3085","scenarioId":"key_finder_v1","attempts":6,"found":false}}
