{"t":"2025-11-26T07:46:46.392Z","msg":"key_finder_episode_start","data":{"runId":"1e6ff0c8-beae-4b43-8b1b-3a507dd4e365","scenarioId":"key_finder_v1","mode":"distilled"}}
{"t":"2025-11-26T07:46:46.394Z","msg":"key_reset_chest","data":{"cmd":"/setblock 5 4 5 chest[facing=north]"}}
{"t":"2025-11-26T07:46:46.801Z","msg":"key_attempt","data":{"runId":"1e6ff0c8-beae-4b43-8b1b-3a507dd4e365","attemptIndex":0,"targetPos":{"x":5,"y":4,"z":5},"source":"default","memoryCount":5,"retrievalLatency":6}}
{"t":"2025-11-26T07:46:51.870Z","msg":"key_attempt_result","data":{"runId":"1e6ff0c8-beae-4b43-8b1b-3a507dd4e365","attemptIndex":0,"success":false,"distilledAdded":1}}
{"t":"2025-11-26T07:46:51.871Z","msg":"key_reset_chest","data":{"cmd":"/setblock 5 4 5 chest[facing=north]"}}
{"t":"2025-11-26T07:46:52.785Z","msg":"key_attempt","data":{"runId":"1e6ff0c8-beae-4b43-8b1b-3a507dd4e365","attemptIndex":1,"targetPos":{"x":5,"y":4,"z":5},"source":"default","memoryCount":5,"retrievalLatency":10}}
{"t":"2025-11-26T07:46:53.167Z","msg":"key_attempt_result","data":{"runId":"1e6ff0c8-beae-4b43-8b1b-3a507dd4e365","attemptIndex":1,"success":false,"distilledAdded":1}}
{"t":"2025-11-26T07:46:53.167Z","msg":"key_reset_chest","data":{"cmd":"/setblock 5 4 5 chest[facing=north]"}}
{"t":"2025-11-26T07:46:54.103Z","msg":"key_attempt","data":{"runId":"1e6ff0c8-beae-4b43-8b1b-3a507dd4e365","attemptIndex":2,"targetPos":{"x":5,"y":4,"z":5},"source":"default","memoryCount":5,"retrievalLatency":4}}
{"t":"2025-11-26T07:46:54.513Z","msg":"key_attempt_result","data":{"runId":"1e6ff0c8-beae-4b43-8b1b-3a507dd4e365","attemptIndex":2,"success":false,"distilledAdded":1}}
{"t":"2025-11-26T07:46:54.514Z","msg":"key_reset_chest","data":{"cmd":"/setblock 5 4 5 chest[facing=north]"}}
{"t":"2025-11-26T07:46:55.446Z","msg":"key_attempt","data":{"runId":"1e6ff0c8-beae-4b43-8b1b-3a507dd4e365","attemptIndex":3,"targetPos":{"x":5,"y":4,"z":5},"source":"default","memoryCount":5,"retrievalLatency":4}}
{"t":"2025-11-26T07:46:55.818Z","msg":"key_attempt_result","data":{"runId":"1e6ff0c8-beae-4b43-8b1b-3a507dd4e365","attemptIndex":3,"success":false,"distilledAdded":1}}
{"t":"2025-11-26T07:46:55.818Z","msg":"key_reset_chest","data":{"cmd":"/setblock 5 4 5 chest[facing=north]"}}
{"t":"2025-11-26T07:46:56.751Z","msg":"key_attempt","data":{"runId":"1e6ff0c8-beae-4b43-8b1b-3a507dd4e365","attemptIndex":4,"targetPos":{"x":5,"y":4,"z":5},"source":"default","memoryCount":5,"retrievalLatency":7}}
{"t":"2025-11-26T07:46:57.122Z","msg":"key_attempt_result","data":{"runId":"1e6ff0c8-beae-4b43-8b1b-3a507dd4e365","attemptIndex":4,"success":false,"distilledAdded":1}}
{"t":"2025-11-26T07:46:57.122Z","msg":"key_reset_chest","data":{"cmd":"/setblock 5 4 5 chest[facing=north]"}}
{"t":"2025-11-26T07:46:58.088Z","msg":"key_attempt","data":{"runId":"1e6ff0c8-beae-4b43-8b1b-3a507dd4e365","attemptIndex":5,"targetPos":{"x":5,"y":4,"z":5},"source":"default","memoryCount":5,"retrievalLatency":6}}
{"t":"2025-11-26T07:46:58.460Z","msg":"key_attempt_result","data":{"runId":"1e6ff0c8-beae-4b43-8b1b-3a507dd4e365","attemptIndex":5,"success":false,"distilledAdded":1}}
{"t":"2025-11-26T07:46:58.461Z","msg":"key_reset_chest","data":{"cmd":"/setblock 5 4 5 chest[facing=north]"}}
{"t":"2025-11-26T07:46:59.392Z","msg":"key_finder_episode_end","data":{"runId":"1e6ff0c8-beae-4b43-8b1b-3a507dd4e365","scenarioId":"key_finder_v1","attempts":6,"found":false}}
