{"t":"2025-11-26T07:46:28.475Z","msg":"lever_episode_start","data":{"runId":"12b71781-e9ee-4816-b134-a62d29a1f2fb","scenarioId":"lever_puzzle_3","mode":"distilled"}}
{"t":"2025-11-26T07:46:28.476Z","msg":"lever_door_close","data":{"cmd":"/setblock 13 63 2 stripped_warped_stem"}}
{"t":"2025-11-26T07:46:28.777Z","msg":"lever_reset_block","data":{"cmd":"/setblock 15 65 -1 lever[face=wall,facing=west,powered=false]","pos":{"x":15,"y":65,"z":-1}}}
{"t":"2025-11-26T07:46:28.929Z","msg":"lever_reset_block","data":{"cmd":"/setblock 15 65 0 lever[face=wall,facing=west,powered=false]","pos":{"x":15,"y":65,"z":0}}}
{"t":"2025-11-26T07:46:29.080Z","msg":"lever_reset_block","data":{"cmd":"/setblock 15 65 1 lever[face=wall,facing=west,powered=false]","pos":{"x":15,"y":65,"z":1}}}
{"t":"2025-11-26T07:46:29.585Z","msg":"lever_attempt","data":{"runId":"12b71781-e9ee-4816-b134-a62d29a1f2fb","attemptIndex":0,"sequence":[1,3,2],"source":"fallback_random","memoryCount":5,"retrievalLatency":103}}
{"t":"2025-11-26T07:46:29.618Z","msg":"debug_lever_scan","data":{"botPosition":{"x":-5.5,"y":66,"z":4.5},"foundLevers":[]}}
{"t":"2025-11-26T07:46:29.618Z","msg":"lever_block_found","data":{"leverIndex":1,"blockPosition":{"x":15,"y":65,"z":-1},"blockName":"lever"}}
{"t":"2025-11-26T07:46:30.121Z","msg":"lever_block_found","data":{"leverIndex":3,"blockPosition":{"x":15,"y":65,"z":1},"blockName":"lever"}}
{"t":"2025-11-26T07:46:30.624Z","msg":"lever_block_found","data":{"leverIndex":2,"blockPosition":{"x":15,"y":65,"z":0},"blockName":"lever"}}
{"t":"2025-11-26T07:46:31.457Z","msg":"lever_attempt_result","data":{"runId":"12b71781-e9ee-4816-b134-a62d29a1f2fb","attemptIndex":0,"success":false,"distilledAdded":1}}
{"t":"2025-11-26T07:46:31.457Z","msg":"lever_door_close","data":{"cmd":"/setblock 13 63 2 stripped_warped_stem"}}
{"t":"2025-11-26T07:46:31.759Z","msg":"lever_reset_block","data":{"cmd":"/setblock 15 65 -1 lever[face=wall,facing=west,powered=false]","pos":{"x":15,"y":65,"z":-1}}}
{"t":"2025-11-26T07:46:31.910Z","msg":"lever_reset_block","data":{"cmd":"/setblock 15 65 0 lever[face=wall,facing=west,powered=false]","pos":{"x":15,"y":65,"z":0}}}
{"t":"2025-11-26T07:46:32.061Z","msg":"lever_reset_block","data":{"cmd":"/setblock 15 65 1 lever[face=wall,facing=west,powered=false]","pos":{"x":15,"y":65,"z":1}}}
{"t":"2025-11-26T07:46:32.461Z","msg":"lever_incorrect","data":{"runId":"12b71781-e9ee-4816-b134-a62d29a1f2fb","attemptIndex":0,"sequence":[1,3,2]}}
{"t":"2025-11-26T07:46:32.870Z","msg":"lever_attempt","data":{"runId":"12b71781-e9ee-4816-b134-a62d29a1f2fb","attemptIndex":1,"sequence":[2,3,1],"source":"fallback_random","memoryCount":5,"retrievalLatency":6}}
{"t":"2025-11-26T07:46:32.870Z","msg":"lever_block_found","data":{"leverIndex":2,"blockPosition":{"x":15,"y":65,"z":0},"blockName":"lever"}}
{"t":"2025-11-26T07:46:33.372Z","msg":"lever_block_found","data":{"leverIndex":3,"blockPosition":{"x":15,"y":65,"z":1},"blockName":"lever"}}
{"t":"2025-11-26T07:46:33.874Z","msg":"lever_block_found","data":{"leverIndex":1,"blockPosition":{"x":15,"y":65,"z":-1},"blockName":"lever"}}
{"t":"2025-11-26T07:46:34.705Z","msg":"lever_attempt_result","data":{"runId":"12b71781-e9ee-4816-b134-a62d29a1f2fb","attemptIndex":1,"success":true,"distilledAdded":1}}
{"t":"2025-11-26T07:46:34.706Z","msg":"lever_door_open","data":{"cmd":"/setblock 13 63 2 redstone_block"}}
{"t":"2025-11-26T07:46:35.006Z","msg":"lever_solved","data":{"runId":"12b71781-e9ee-4816-b134-a62d29a1f2fb","attempts":2,"sequence":[2,3,1]}}
{"t":"2025-11-26T07:46:35.007Z","msg":"lever_episode_end","data":{"runId":"12b71781-e9ee-4816-b134-a62d29a1f2fb","scenarioId":"lever_puzzle_3","attempts":2,"solved":true}}
