{"t":"2025-11-26T08:04:57.973Z","msg":"lever_episode_start","data":{"runId":"444ac605-3b37-4eee-9abe-3ce40e63a2c4","scenarioId":"lever_puzzle_3","mode":"distilled"}}
{"t":"2025-11-26T08:04:57.975Z","msg":"lever_door_close","data":{"cmd":"/setblock 13 63 2 stripped_warped_stem"}}
{"t":"2025-11-26T08:04:58.275Z","msg":"lever_reset_block","data":{"cmd":"/setblock 15 65 -1 lever[face=wall,facing=west,powered=false]","pos":{"x":15,"y":65,"z":-1}}}
{"t":"2025-11-26T08:04:58.427Z","msg":"lever_reset_block","data":{"cmd":"/setblock 15 65 0 lever[face=wall,facing=west,powered=false]","pos":{"x":15,"y":65,"z":0}}}
{"t":"2025-11-26T08:04:58.581Z","msg":"lever_reset_block","data":{"cmd":"/setblock 15 65 1 lever[face=wall,facing=west,powered=false]","pos":{"x":15,"y":65,"z":1}}}
{"t":"2025-11-26T08:04:59.090Z","msg":"lever_attempt","data":{"runId":"444ac605-3b37-4eee-9abe-3ce40e63a2c4","attemptIndex":0,"sequence":[3,1,2],"source":"fallback_random","memoryCount":5,"retrievalLatency":105}}
{"t":"2025-11-26T08:04:59.122Z","msg":"debug_lever_scan","data":{"botPosition":{"x":5.451089637489832,"y":64,"z":5.69935031942679},"foundLevers":[]}}
{"t":"2025-11-26T08:04:59.123Z","msg":"lever_block_found","data":{"leverIndex":3,"blockPosition":{"x":15,"y":65,"z":1},"blockName":"lever"}}
{"t":"2025-11-26T08:04:59.625Z","msg":"lever_block_found","data":{"leverIndex":1,"blockPosition":{"x":15,"y":65,"z":-1},"blockName":"lever"}}
{"t":"2025-11-26T08:05:00.125Z","msg":"lever_block_found","data":{"leverIndex":2,"blockPosition":{"x":15,"y":65,"z":0},"blockName":"lever"}}
{"t":"2025-11-26T08:05:00.960Z","msg":"lever_attempt_result","data":{"runId":"444ac605-3b37-4eee-9abe-3ce40e63a2c4","attemptIndex":0,"success":false,"distilledAdded":1}}
{"t":"2025-11-26T08:05:00.961Z","msg":"lever_door_close","data":{"cmd":"/setblock 13 63 2 stripped_warped_stem"}}
{"t":"2025-11-26T08:05:01.262Z","msg":"lever_reset_block","data":{"cmd":"/setblock 15 65 -1 lever[face=wall,facing=west,powered=false]","pos":{"x":15,"y":65,"z":-1}}}
{"t":"2025-11-26T08:05:01.413Z","msg":"lever_reset_block","data":{"cmd":"/setblock 15 65 0 lever[face=wall,facing=west,powered=false]","pos":{"x":15,"y":65,"z":0}}}
{"t":"2025-11-26T08:05:01.564Z","msg":"lever_reset_block","data":{"cmd":"/setblock 15 65 1 lever[face=wall,facing=west,powered=false]","pos":{"x":15,"y":65,"z":1}}}
{"t":"2025-11-26T08:05:01.966Z","msg":"lever_incorrect","data":{"runId":"444ac605-3b37-4eee-9abe-3ce40e63a2c4","attemptIndex":0,"sequence":[3,1,2]}}
{"t":"2025-11-26T08:05:02.375Z","msg":"lever_attempt","data":{"runId":"444ac605-3b37-4eee-9abe-3ce40e63a2c4","attemptIndex":1,"sequence":[2,1,3],"source":"fallback_random","memoryCount":5,"retrievalLatency":7}}
{"t":"2025-11-26T08:05:02.375Z","msg":"lever_block_found","data":{"leverIndex":2,"blockPosition":{"x":15,"y":65,"z":0},"blockName":"lever"}}
{"t":"2025-11-26T08:05:02.876Z","msg":"lever_block_found","data":{"leverIndex":1,"blockPosition":{"x":15,"y":65,"z":-1},"blockName":"lever"}}
{"t":"2025-11-26T08:05:03.378Z","msg":"lever_block_found","data":{"leverIndex":3,"blockPosition":{"x":15,"y":65,"z":1},"blockName":"lever"}}
{"t":"2025-11-26T08:05:04.219Z","msg":"lever_attempt_result","data":{"runId":"444ac605-3b37-4eee-9abe-3ce40e63a2c4","attemptIndex":1,"success":false,"distilledAdded":1}}
{"t":"2025-11-26T08:05:04.220Z","msg":"lever_door_close","data":{"cmd":"/setblock 13 63 2 stripped_warped_stem"}}
{"t":"2025-11-26T08:05:04.520Z","msg":"lever_reset_block","data":{"cmd":"/setblock 15 65 -1 lever[face=wall,facing=west,powered=false]","pos":{"x":15,"y":65,"z":-1}}}
{"t":"2025-11-26T08:05:04.672Z","msg":"lever_reset_block","data":{"cmd":"/setblock 15 65 0 lever[face=wall,facing=west,powered=false]","pos":{"x":15,"y":65,"z":0}}}
{"t":"2025-11-26T08:05:04.823Z","msg":"lever_reset_block","data":{"cmd":"/setblock 15 65 1 lever[face=wall,facing=west,powered=false]","pos":{"x":15,"y":65,"z":1}}}
{"t":"2025-11-26T08:05:05.224Z","msg":"lever_incorrect","data":{"runId":"444ac605-3b37-4eee-9abe-3ce40e63a2c4","attemptIndex":1,"sequence":[2,1,3]}}
{"t":"2025-11-26T08:05:05.633Z","msg":"lever_attempt","data":{"runId":"444ac605-3b37-4eee-9abe-3ce40e63a2c4","attemptIndex":2,"sequence":[3,1,2],"source":"fallback_random","memoryCount":5,"retrievalLatency":7}}
{"t":"2025-11-26T08:05:05.634Z","msg":"lever_block_found","data":{"leverIndex":3,"blockPosition":{"x":15,"y":65,"z":1},"blockName":"lever"}}
{"t":"2025-11-26T08:05:06.137Z","msg":"lever_block_found","data":{"leverIndex":1,"blockPosition":{"x":15,"y":65,"z":-1},"blockName":"lever"}}
{"t":"2025-11-26T08:05:06.638Z","msg":"lever_block_found","data":{"leverIndex":2,"blockPosition":{"x":15,"y":65,"z":0},"blockName":"lever"}}
{"t":"2025-11-26T08:05:07.472Z","msg":"lever_attempt_result","data":{"runId":"444ac605-3b37-4eee-9abe-3ce40e63a2c4","attemptIndex":2,"success":false,"distilledAdded":1}}
{"t":"2025-11-26T08:05:07.473Z","msg":"lever_door_close","data":{"cmd":"/setblock 13 63 2 stripped_warped_stem"}}
{"t":"2025-11-26T08:05:07.774Z","msg":"lever_reset_block","data":{"cmd":"/setblock 15 65 -1 lever[face=wall,facing=west,powered=false]","pos":{"x":15,"y":65,"z":-1}}}
{"t":"2025-11-26T08:05:07.927Z","msg":"lever_reset_block","data":{"cmd":"/setblock 15 65 0 lever[face=wall,facing=west,powered=false]","pos":{"x":15,"y":65,"z":0}}}
{"t":"2025-11-26T08:05:08.079Z","msg":"lever_reset_block","data":{"cmd":"/setblock 15 65 1 lever[face=wall,facing=west,powered=false]","pos":{"x":15,"y":65,"z":1}}}
{"t":"2025-11-26T08:05:08.479Z","msg":"lever_incorrect","data":{"runId":"444ac605-3b37-4eee-9abe-3ce40e63a2c4","attemptIndex":2,"sequence":[3,1,2]}}
{"t":"2025-11-26T08:05:08.888Z","msg":"lever_attempt","data":{"runId":"444ac605-3b37-4eee-9abe-3ce40e63a2c4","attemptIndex":3,"sequence":[3,2,1],"source":"fallback_random","memoryCount":5,"retrievalLatency":8}}
{"t":"2025-11-26T08:05:08.889Z","msg":"lever_block_found","data":{"leverIndex":3,"blockPosition":{"x":15,"y":65,"z":1},"blockName":"lever"}}
{"t":"2025-11-26T08:05:09.391Z","msg":"lever_block_found","data":{"leverIndex":2,"blockPosition":{"x":15,"y":65,"z":0},"blockName":"lever"}}
{"t":"2025-11-26T08:05:09.892Z","msg":"lever_block_found","data":{"leverIndex":1,"blockPosition":{"x":15,"y":65,"z":-1},"blockName":"lever"}}
{"t":"2025-11-26T08:05:10.730Z","msg":"lever_attempt_result","data":{"runId":"444ac605-3b37-4eee-9abe-3ce40e63a2c4","attemptIndex":3,"success":false,"distilledAdded":1}}
{"t":"2025-11-26T08:05:10.731Z","msg":"lever_door_close","data":{"cmd":"/setblock 13 63 2 stripped_warped_stem"}}
{"t":"2025-11-26T08:05:11.034Z","msg":"lever_reset_block","data":{"cmd":"/setblock 15 65 -1 lever[face=wall,facing=west,powered=false]","pos":{"x":15,"y":65,"z":-1}}}
{"t":"2025-11-26T08:05:11.185Z","msg":"lever_reset_block","data":{"cmd":"/setblock 15 65 0 lever[face=wall,facing=west,powered=false]","pos":{"x":15,"y":65,"z":0}}}
{"t":"2025-11-26T08:05:11.335Z","msg":"lever_reset_block","data":{"cmd":"/setblock 15 65 1 lever[face=wall,facing=west,powered=false]","pos":{"x":15,"y":65,"z":1}}}
{"t":"2025-11-26T08:05:11.736Z","msg":"lever_incorrect","data":{"runId":"444ac605-3b37-4eee-9abe-3ce40e63a2c4","attemptIndex":3,"sequence":[3,2,1]}}
{"t":"2025-11-26T08:05:12.145Z","msg":"lever_attempt","data":{"runId":"444ac605-3b37-4eee-9abe-3ce40e63a2c4","attemptIndex":4,"sequence":[1,3,2],"source":"fallback_random","memoryCount":5,"retrievalLatency":8}}
{"t":"2025-11-26T08:05:12.145Z","msg":"lever_block_found","data":{"leverIndex":1,"blockPosition":{"x":15,"y":65,"z":-1},"blockName":"lever"}}
{"t":"2025-11-26T08:05:12.645Z","msg":"lever_block_found","data":{"leverIndex":3,"blockPosition":{"x":15,"y":65,"z":1},"blockName":"lever"}}
{"t":"2025-11-26T08:05:13.146Z","msg":"lever_block_found","data":{"leverIndex":2,"blockPosition":{"x":15,"y":65,"z":0},"blockName":"lever"}}
{"t":"2025-11-26T08:05:13.981Z","msg":"lever_attempt_result","data":{"runId":"444ac605-3b37-4eee-9abe-3ce40e63a2c4","attemptIndex":4,"success":false,"distilledAdded":1}}
{"t":"2025-11-26T08:05:13.982Z","msg":"lever_door_close","data":{"cmd":"/setblock 13 63 2 stripped_warped_stem"}}
{"t":"2025-11-26T08:05:14.282Z","msg":"lever_reset_block","data":{"cmd":"/setblock 15 65 -1 lever[face=wall,facing=west,powered=false]","pos":{"x":15,"y":65,"z":-1}}}
{"t":"2025-11-26T08:05:14.434Z","msg":"lever_reset_block","data":{"cmd":"/setblock 15 65 0 lever[face=wall,facing=west,powered=false]","pos":{"x":15,"y":65,"z":0}}}
{"t":"2025-11-26T08:05:14.584Z","msg":"lever_reset_block","data":{"cmd":"/setblock 15 65 1 lever[face=wall,facing=west,powered=false]","pos":{"x":15,"y":65,"z":1}}}
{"t":"2025-11-26T08:05:14.985Z","msg":"lever_incorrect","data":{"runId":"444ac605-3b37-4eee-9abe-3ce40e63a2c4","attemptIndex":4,"sequence":[1,3,2]}}
{"t":"2025-11-26T08:05:15.394Z","msg":"lever_attempt","data":{"runId":"444ac605-3b37-4eee-9abe-3ce40e63a2c4","attemptIndex":5,"sequence":[1,3,2],"source":"fallback_random","memoryCount":5,"retrievalLatency":7}}
{"t":"2025-11-26T08:05:15.394Z","msg":"lever_block_found","data":{"leverIndex":1,"blockPosition":{"x":15,"y":65,"z":-1},"blockName":"lever"}}
{"t":"2025-11-26T08:05:15.896Z","msg":"lever_block_found","data":{"leverIndex":3,"blockPosition":{"x":15,"y":65,"z":1},"blockName":"lever"}}
{"t":"2025-11-26T08:05:16.398Z","msg":"lever_block_found","data":{"leverIndex":2,"blockPosition":{"x":15,"y":65,"z":0},"blockName":"lever"}}
{"t":"2025-11-26T08:05:17.237Z","msg":"lever_attempt_result","data":{"runId":"444ac605-3b37-4eee-9abe-3ce40e63a2c4","attemptIndex":5,"success":false,"distilledAdded":1}}
{"t":"2025-11-26T08:05:17.237Z","msg":"lever_door_close","data":{"cmd":"/setblock 13 63 2 stripped_warped_stem"}}
{"t":"2025-11-26T08:05:17.538Z","msg":"lever_reset_block","data":{"cmd":"/setblock 15 65 -1 lever[face=wall,facing=west,powered=false]","pos":{"x":15,"y":65,"z":-1}}}
{"t":"2025-11-26T08:05:17.688Z","msg":"lever_reset_block","data":{"cmd":"/setblock 15 65 0 lever[face=wall,facing=west,powered=false]","pos":{"x":15,"y":65,"z":0}}}
{"t":"2025-11-26T08:05:17.839Z","msg":"lever_reset_block","data":{"cmd":"/setblock 15 65 1 lever[face=wall,facing=west,powered=false]","pos":{"x":15,"y":65,"z":1}}}
{"t":"2025-11-26T08:05:18.240Z","msg":"lever_incorrect","data":{"runId":"444ac605-3b37-4eee-9abe-3ce40e63a2c4","attemptIndex":5,"sequence":[1,3,2]}}
{"t":"2025-11-26T08:05:18.641Z","msg":"lever_episode_end","data":{"runId":"444ac605-3b37-4eee-9abe-3ce40e63a2c4","scenarioId":"lever_puzzle_3","attempts":6,"solved":false}}
