{"t":"2025-11-26T08:06:16.695Z","msg":"key_finder_episode_start","data":{"runId":"2739b02d-9103-4ef9-902c-34378b6e1bfe","scenarioId":"key_finder_v1","mode":"raw"}}
{"t":"2025-11-26T08:06:16.696Z","msg":"key_reset_chest","data":{"cmd":"/setblock 5 4 5 chest[facing=north]"}}
{"t":"2025-11-26T08:06:17.108Z","msg":"key_attempt","data":{"runId":"2739b02d-9103-4ef9-902c-34378b6e1bfe","attemptIndex":0,"targetPos":{"x":5,"y":4,"z":5},"source":"default","memoryCount":5,"retrievalLatency":9}}
{"t":"2025-11-26T08:06:22.175Z","msg":"key_attempt_result","data":{"runId":"2739b02d-9103-4ef9-902c-34378b6e1bfe","attemptIndex":0,"success":false,"distilledAdded":1}}
{"t":"2025-11-26T08:06:22.176Z","msg":"key_reset_chest","data":{"cmd":"/setblock 5 4 5 chest[facing=north]"}}
{"t":"2025-11-26T08:06:23.086Z","msg":"key_attempt","data":{"runId":"2739b02d-9103-4ef9-902c-34378b6e1bfe","attemptIndex":1,"targetPos":{"x":5,"y":4,"z":5},"source":"default","memoryCount":5,"retrievalLatency":9}}
{"t":"2025-11-26T08:06:23.469Z","msg":"key_attempt_result","data":{"runId":"2739b02d-9103-4ef9-902c-34378b6e1bfe","attemptIndex":1,"success":false,"distilledAdded":1}}
{"t":"2025-11-26T08:06:23.470Z","msg":"key_reset_chest","data":{"cmd":"/setblock 5 4 5 chest[facing=north]"}}
{"t":"2025-11-26T08:06:24.387Z","msg":"key_attempt","data":{"runId":"2739b02d-9103-4ef9-902c-34378b6e1bfe","attemptIndex":2,"targetPos":{"x":5,"y":4,"z":5},"source":"default","memoryCount":5,"retrievalLatency":6}}
{"t":"2025-11-26T08:06:24.776Z","msg":"key_attempt_result","data":{"runId":"2739b02d-9103-4ef9-902c-34378b6e1bfe","attemptIndex":2,"success":false,"distilledAdded":1}}
{"t":"2025-11-26T08:06:24.776Z","msg":"key_reset_chest","data":{"cmd":"/setblock 5 4 5 chest[facing=north]"}}
{"t":"2025-11-26T08:06:25.692Z","msg":"key_attempt","data":{"runId":"2739b02d-9103-4ef9-902c-34378b6e1bfe","attemptIndex":3,"targetPos":{"x":5,"y":4,"z":5},"source":"default","memoryCount":5,"retrievalLatency":4}}
{"t":"2025-11-26T08:06:26.090Z","msg":"key_attempt_result","data":{"runId":"2739b02d-9103-4ef9-902c-34378b6e1bfe","attemptIndex":3,"success":false,"distilledAdded":1}}
{"t":"2025-11-26T08:06:26.091Z","msg":"key_reset_chest","data":{"cmd":"/setblock 5 4 5 chest[facing=north]"}}
{"t":"2025-11-26T08:06:27.035Z","msg":"key_attempt","data":{"runId":"2739b02d-9103-4ef9-902c-34378b6e1bfe","attemptIndex":4,"targetPos":{"x":5,"y":4,"z":5},"source":"default","memoryCount":5,"retrievalLatency":8}}
{"t":"2025-11-26T08:06:27.428Z","msg":"key_attempt_result","data":{"runId":"2739b02d-9103-4ef9-902c-34378b6e1bfe","attemptIndex":4,"success":false,"distilledAdded":1}}
{"t":"2025-11-26T08:06:27.428Z","msg":"key_reset_chest","data":{"cmd":"/setblock 5 4 5 chest[facing=north]"}}
{"t":"2025-11-26T08:06:28.345Z","msg":"key_attempt","data":{"runId":"2739b02d-9103-4ef9-902c-34378b6e1bfe","attemptIndex":5,"targetPos":{"x":5,"y":4,"z":5},"source":"default","memoryCount":5,"retrievalLatency":7}}
{"t":"2025-11-26T08:06:28.727Z","msg":"key_attempt_result","data":{"runId":"2739b02d-9103-4ef9-902c-34378b6e1bfe","attemptIndex":5,"success":false,"distilledAdded":1}}
{"t":"2025-11-26T08:06:28.728Z","msg":"key_reset_chest","data":{"cmd":"/setblock 5 4 5 chest[facing=north]"}}
{"t":"2025-11-26T08:06:29.640Z","msg":"key_finder_episode_end","data":{"runId":"2739b02d-9103-4ef9-902c-34378b6e1bfe","scenarioId":"key_finder_v1","attempts":6,"found":false}}
