{"t":"2025-12-08T02:43:22.297Z","msg":"key_episode_start","data":{"scenarioId":"key_finder_v1","runId":"cdb6a2aa-087d-41f5-a2db-293067aabdae","maxAttempts":6}}
{"t":"2025-12-08T02:43:22.298Z","msg":"key_reset_chest","data":{"cmd":"/setblock 5 4 5 chest[facing=north]"}}
{"t":"2025-12-08T02:43:22.698Z","msg":"key_attempt","data":{"runId":"cdb6a2aa-087d-41f5-a2db-293067aabdae","attemptIndex":0,"target":{"x":5,"y":4,"z":5},"source":"default","distilledCount":50}}
{"t":"2025-12-08T02:43:22.737Z","msg":"key_search_error","data":{"error":"containerToOpen is neither a block nor an entity"}}
{"t":"2025-12-08T02:43:22.741Z","msg":"key_memory_stats","data":{"runId":"cdb6a2aa-087d-41f5-a2db-293067aabdae","attemptIndex":0,"success":false,"storedMemories":13}}
{"t":"2025-12-08T02:43:23.242Z","msg":"key_reset_chest","data":{"cmd":"/setblock 5 4 5 chest[facing=north]"}}
{"t":"2025-12-08T02:43:23.643Z","msg":"key_attempt","data":{"runId":"cdb6a2aa-087d-41f5-a2db-293067aabdae","attemptIndex":1,"target":{"x":5,"y":4,"z":5},"source":"default","distilledCount":51}}
{"t":"2025-12-08T02:43:23.646Z","msg":"key_search_error","data":{"error":"containerToOpen is neither a block nor an entity"}}
{"t":"2025-12-08T02:43:23.649Z","msg":"key_memory_stats","data":{"runId":"cdb6a2aa-087d-41f5-a2db-293067aabdae","attemptIndex":1,"success":false,"storedMemories":14}}
{"t":"2025-12-08T02:43:24.149Z","msg":"key_reset_chest","data":{"cmd":"/setblock 5 4 5 chest[facing=north]"}}
{"t":"2025-12-08T02:43:24.550Z","msg":"key_attempt","data":{"runId":"cdb6a2aa-087d-41f5-a2db-293067aabdae","attemptIndex":2,"target":{"x":5,"y":4,"z":5},"source":"default","distilledCount":52}}
{"t":"2025-12-08T02:43:24.601Z","msg":"key_search_error","data":{"error":"containerToOpen is neither a block nor an entity"}}
{"t":"2025-12-08T02:43:24.603Z","msg":"key_memory_stats","data":{"runId":"cdb6a2aa-087d-41f5-a2db-293067aabdae","attemptIndex":2,"success":false,"storedMemories":15}}
{"t":"2025-12-08T02:43:25.103Z","msg":"key_reset_chest","data":{"cmd":"/setblock 5 4 5 chest[facing=north]"}}
{"t":"2025-12-08T02:43:25.504Z","msg":"key_attempt","data":{"runId":"cdb6a2aa-087d-41f5-a2db-293067aabdae","attemptIndex":3,"target":{"x":5,"y":4,"z":5},"source":"default","distilledCount":53}}
{"t":"2025-12-08T02:43:25.507Z","msg":"key_search_error","data":{"error":"containerToOpen is neither a block nor an entity"}}
{"t":"2025-12-08T02:43:25.510Z","msg":"key_memory_stats","data":{"runId":"cdb6a2aa-087d-41f5-a2db-293067aabdae","attemptIndex":3,"success":false,"storedMemories":16}}
{"t":"2025-12-08T02:43:26.011Z","msg":"key_reset_chest","data":{"cmd":"/setblock 5 4 5 chest[facing=north]"}}
{"t":"2025-12-08T02:43:26.412Z","msg":"key_attempt","data":{"runId":"cdb6a2aa-087d-41f5-a2db-293067aabdae","attemptIndex":4,"target":{"x":5,"y":4,"z":5},"source":"default","distilledCount":54}}
{"t":"2025-12-08T02:43:26.414Z","msg":"key_search_error","data":{"error":"containerToOpen is neither a block nor an entity"}}
{"t":"2025-12-08T02:43:26.417Z","msg":"key_memory_stats","data":{"runId":"cdb6a2aa-087d-41f5-a2db-293067aabdae","attemptIndex":4,"success":false,"storedMemories":17}}
{"t":"2025-12-08T02:43:26.918Z","msg":"key_reset_chest","data":{"cmd":"/setblock 5 4 5 chest[facing=north]"}}
{"t":"2025-12-08T02:43:27.320Z","msg":"key_attempt","data":{"runId":"cdb6a2aa-087d-41f5-a2db-293067aabdae","attemptIndex":5,"target":{"x":5,"y":4,"z":5},"source":"default","distilledCount":55}}
{"t":"2025-12-08T02:43:27.328Z","msg":"key_search_error","data":{"error":"containerToOpen is neither a block nor an entity"}}
{"t":"2025-12-08T02:43:27.331Z","msg":"key_memory_stats","data":{"runId":"cdb6a2aa-087d-41f5-a2db-293067aabdae","attemptIndex":5,"success":false,"storedMemories":18}}
{"t":"2025-12-08T02:43:27.831Z","msg":"key_episode_end","data":{"scenarioId":"key_finder_v1","runId":"cdb6a2aa-087d-41f5-a2db-293067aabdae","attempts":6,"solved":false}}
