{"t":"2025-11-24T08:08:07.694Z","msg":"lever_episode_start","data":{"runId":"2fd61d6b-05df-44d3-aa5b-630c85facc32","scenarioId":"lever_puzzle_3"}}
{"t":"2025-11-24T08:08:07.695Z","msg":"lever_door_close","data":{"cmd":"/setblock 13 63 2 stripped_warped_stem"}}
{"t":"2025-11-24T08:08:07.995Z","msg":"lever_reset_block","data":{"cmd":"/setblock 15 65 -1 lever[face=wall,facing=west,powered=false]","pos":{"x":15,"y":65,"z":-1}}}
{"t":"2025-11-24T08:08:08.147Z","msg":"lever_reset_block","data":{"cmd":"/setblock 15 65 0 lever[face=wall,facing=west,powered=false]","pos":{"x":15,"y":65,"z":0}}}
{"t":"2025-11-24T08:08:08.298Z","msg":"lever_reset_block","data":{"cmd":"/setblock 15 65 1 lever[face=wall,facing=west,powered=false]","pos":{"x":15,"y":65,"z":1}}}
{"t":"2025-11-24T08:08:08.699Z","msg":"lever_attempt","data":{"runId":"2fd61d6b-05df-44d3-aa5b-630c85facc32","attemptIndex":0,"sequence":[3,2,1],"source":"fallback_random","distilledCount":0}}
{"t":"2025-11-24T08:08:08.725Z","msg":"debug_lever_scan","data":{"botPosition":{"x":14.5,"y":64,"z":0.5},"foundLevers":[{"x":15,"y":65,"z":0},{"x":15,"y":65,"z":1},{"x":15,"y":65,"z":-1}]}}
{"t":"2025-11-24T08:08:08.726Z","msg":"lever_block_found","data":{"leverIndex":3,"blockPosition":{"x":15,"y":65,"z":1},"blockName":"lever"}}
{"t":"2025-11-24T08:08:09.229Z","msg":"lever_block_found","data":{"leverIndex":2,"blockPosition":{"x":15,"y":65,"z":0},"blockName":"lever"}}
{"t":"2025-11-24T08:08:09.731Z","msg":"lever_block_found","data":{"leverIndex":1,"blockPosition":{"x":15,"y":65,"z":-1},"blockName":"lever"}}
{"t":"2025-11-24T08:08:10.537Z","msg":"lever_attempt_result","data":{"runId":"2fd61d6b-05df-44d3-aa5b-630c85facc32","attemptIndex":0,"success":false,"distilledAdded":1}}
{"t":"2025-11-24T08:08:10.538Z","msg":"lever_door_close","data":{"cmd":"/setblock 13 63 2 stripped_warped_stem"}}
{"t":"2025-11-24T08:08:10.838Z","msg":"lever_reset_block","data":{"cmd":"/setblock 15 65 -1 lever[face=wall,facing=west,powered=false]","pos":{"x":15,"y":65,"z":-1}}}
{"t":"2025-11-24T08:08:10.989Z","msg":"lever_reset_block","data":{"cmd":"/setblock 15 65 0 lever[face=wall,facing=west,powered=false]","pos":{"x":15,"y":65,"z":0}}}
{"t":"2025-11-24T08:08:11.139Z","msg":"lever_reset_block","data":{"cmd":"/setblock 15 65 1 lever[face=wall,facing=west,powered=false]","pos":{"x":15,"y":65,"z":1}}}
{"t":"2025-11-24T08:08:11.542Z","msg":"lever_incorrect","data":{"runId":"2fd61d6b-05df-44d3-aa5b-630c85facc32","attemptIndex":0,"sequence":[3,2,1]}}
{"t":"2025-11-24T08:08:11.944Z","msg":"lever_attempt","data":{"runId":"2fd61d6b-05df-44d3-aa5b-630c85facc32","attemptIndex":1,"sequence":[3,1,2],"source":"fallback_random","distilledCount":1}}
{"t":"2025-11-24T08:08:11.944Z","msg":"lever_block_found","data":{"leverIndex":3,"blockPosition":{"x":15,"y":65,"z":1},"blockName":"lever"}}
{"t":"2025-11-24T08:08:12.444Z","msg":"lever_block_found","data":{"leverIndex":1,"blockPosition":{"x":15,"y":65,"z":-1},"blockName":"lever"}}
{"t":"2025-11-24T08:08:12.948Z","msg":"lever_block_found","data":{"leverIndex":2,"blockPosition":{"x":15,"y":65,"z":0},"blockName":"lever"}}
{"t":"2025-11-24T08:08:13.750Z","msg":"lever_attempt_result","data":{"runId":"2fd61d6b-05df-44d3-aa5b-630c85facc32","attemptIndex":1,"success":false,"distilledAdded":1}}
{"t":"2025-11-24T08:08:13.752Z","msg":"lever_door_close","data":{"cmd":"/setblock 13 63 2 stripped_warped_stem"}}
{"t":"2025-11-24T08:08:14.057Z","msg":"lever_reset_block","data":{"cmd":"/setblock 15 65 -1 lever[face=wall,facing=west,powered=false]","pos":{"x":15,"y":65,"z":-1}}}
{"t":"2025-11-24T08:08:14.208Z","msg":"lever_reset_block","data":{"cmd":"/setblock 15 65 0 lever[face=wall,facing=west,powered=false]","pos":{"x":15,"y":65,"z":0}}}
{"t":"2025-11-24T08:08:14.359Z","msg":"lever_reset_block","data":{"cmd":"/setblock 15 65 1 lever[face=wall,facing=west,powered=false]","pos":{"x":15,"y":65,"z":1}}}
{"t":"2025-11-24T08:08:14.760Z","msg":"lever_incorrect","data":{"runId":"2fd61d6b-05df-44d3-aa5b-630c85facc32","attemptIndex":1,"sequence":[3,1,2]}}
{"t":"2025-11-24T08:08:15.162Z","msg":"lever_attempt","data":{"runId":"2fd61d6b-05df-44d3-aa5b-630c85facc32","attemptIndex":2,"sequence":[1,2,3],"source":"fallback_random","distilledCount":2}}
{"t":"2025-11-24T08:08:15.163Z","msg":"lever_block_found","data":{"leverIndex":1,"blockPosition":{"x":15,"y":65,"z":-1},"blockName":"lever"}}
{"t":"2025-11-24T08:08:15.664Z","msg":"lever_block_found","data":{"leverIndex":2,"blockPosition":{"x":15,"y":65,"z":0},"blockName":"lever"}}
{"t":"2025-11-24T08:08:16.166Z","msg":"lever_block_found","data":{"leverIndex":3,"blockPosition":{"x":15,"y":65,"z":1},"blockName":"lever"}}
{"t":"2025-11-24T08:08:16.969Z","msg":"lever_attempt_result","data":{"runId":"2fd61d6b-05df-44d3-aa5b-630c85facc32","attemptIndex":2,"success":false,"distilledAdded":1}}
{"t":"2025-11-24T08:08:16.969Z","msg":"lever_door_close","data":{"cmd":"/setblock 13 63 2 stripped_warped_stem"}}
{"t":"2025-11-24T08:08:17.271Z","msg":"lever_reset_block","data":{"cmd":"/setblock 15 65 -1 lever[face=wall,facing=west,powered=false]","pos":{"x":15,"y":65,"z":-1}}}
{"t":"2025-11-24T08:08:17.421Z","msg":"lever_reset_block","data":{"cmd":"/setblock 15 65 0 lever[face=wall,facing=west,powered=false]","pos":{"x":15,"y":65,"z":0}}}
{"t":"2025-11-24T08:08:17.574Z","msg":"lever_reset_block","data":{"cmd":"/setblock 15 65 1 lever[face=wall,facing=west,powered=false]","pos":{"x":15,"y":65,"z":1}}}
{"t":"2025-11-24T08:08:17.976Z","msg":"lever_incorrect","data":{"runId":"2fd61d6b-05df-44d3-aa5b-630c85facc32","attemptIndex":2,"sequence":[1,2,3]}}
{"t":"2025-11-24T08:08:18.376Z","msg":"lever_attempt","data":{"runId":"2fd61d6b-05df-44d3-aa5b-630c85facc32","attemptIndex":3,"sequence":[2,1,3],"source":"fallback_random","distilledCount":3}}
{"t":"2025-11-24T08:08:18.377Z","msg":"lever_block_found","data":{"leverIndex":2,"blockPosition":{"x":15,"y":65,"z":0},"blockName":"lever"}}
{"t":"2025-11-24T08:08:18.879Z","msg":"lever_block_found","data":{"leverIndex":1,"blockPosition":{"x":15,"y":65,"z":-1},"blockName":"lever"}}
{"t":"2025-11-24T08:08:19.380Z","msg":"lever_block_found","data":{"leverIndex":3,"blockPosition":{"x":15,"y":65,"z":1},"blockName":"lever"}}
{"t":"2025-11-24T08:08:20.182Z","msg":"lever_attempt_result","data":{"runId":"2fd61d6b-05df-44d3-aa5b-630c85facc32","attemptIndex":3,"success":false,"distilledAdded":1}}
{"t":"2025-11-24T08:08:20.183Z","msg":"lever_door_close","data":{"cmd":"/setblock 13 63 2 stripped_warped_stem"}}
{"t":"2025-11-24T08:08:20.484Z","msg":"lever_reset_block","data":{"cmd":"/setblock 15 65 -1 lever[face=wall,facing=west,powered=false]","pos":{"x":15,"y":65,"z":-1}}}
{"t":"2025-11-24T08:08:20.635Z","msg":"lever_reset_block","data":{"cmd":"/setblock 15 65 0 lever[face=wall,facing=west,powered=false]","pos":{"x":15,"y":65,"z":0}}}
{"t":"2025-11-24T08:08:20.786Z","msg":"lever_reset_block","data":{"cmd":"/setblock 15 65 1 lever[face=wall,facing=west,powered=false]","pos":{"x":15,"y":65,"z":1}}}
{"t":"2025-11-24T08:08:21.186Z","msg":"lever_incorrect","data":{"runId":"2fd61d6b-05df-44d3-aa5b-630c85facc32","attemptIndex":3,"sequence":[2,1,3]}}
{"t":"2025-11-24T08:08:21.587Z","msg":"lever_attempt","data":{"runId":"2fd61d6b-05df-44d3-aa5b-630c85facc32","attemptIndex":4,"sequence":[2,3,1],"source":"fallback_random","distilledCount":4}}
{"t":"2025-11-24T08:08:21.588Z","msg":"lever_block_found","data":{"leverIndex":2,"blockPosition":{"x":15,"y":65,"z":0},"blockName":"lever"}}
{"t":"2025-11-24T08:08:22.090Z","msg":"lever_block_found","data":{"leverIndex":3,"blockPosition":{"x":15,"y":65,"z":1},"blockName":"lever"}}
{"t":"2025-11-24T08:08:22.593Z","msg":"lever_block_found","data":{"leverIndex":1,"blockPosition":{"x":15,"y":65,"z":-1},"blockName":"lever"}}
{"t":"2025-11-24T08:08:23.396Z","msg":"lever_attempt_result","data":{"runId":"2fd61d6b-05df-44d3-aa5b-630c85facc32","attemptIndex":4,"success":true,"distilledAdded":1}}
{"t":"2025-11-24T08:08:23.396Z","msg":"lever_door_open","data":{"cmd":"/setblock 13 63 2 redstone_block"}}
{"t":"2025-11-24T08:08:23.696Z","msg":"lever_solved","data":{"runId":"2fd61d6b-05df-44d3-aa5b-630c85facc32","attempts":5,"sequence":[2,3,1]}}
{"t":"2025-11-24T08:08:23.697Z","msg":"lever_episode_end","data":{"runId":"2fd61d6b-05df-44d3-aa5b-630c85facc32","scenarioId":"lever_puzzle_3","attempts":5,"solved":true}}
