{"t":"2025-12-08T02:45:55.579Z","msg":"lever_episode_start","data":{"runId":"5f058d9e-bace-43d9-b0da-bb0ac0887bf3","scenarioId":"lever_puzzle_3","mode":"raw"}}
{"t":"2025-12-08T02:45:55.580Z","msg":"lever_door_close","data":{"cmd":"/setblock 13 63 2 stripped_warped_stem"}}
{"t":"2025-12-08T02:45:55.913Z","msg":"lever_reset_block","data":{"cmd":"/setblock 15 65 -1 lever[face=wall,facing=west,powered=false]","pos":{"x":15,"y":65,"z":-1}}}
{"t":"2025-12-08T02:45:56.066Z","msg":"lever_reset_block","data":{"cmd":"/setblock 15 65 0 lever[face=wall,facing=west,powered=false]","pos":{"x":15,"y":65,"z":0}}}
{"t":"2025-12-08T02:45:56.218Z","msg":"lever_reset_block","data":{"cmd":"/setblock 15 65 1 lever[face=wall,facing=west,powered=false]","pos":{"x":15,"y":65,"z":1}}}
{"t":"2025-12-08T02:45:56.626Z","msg":"lever_attempt","data":{"runId":"5f058d9e-bace-43d9-b0da-bb0ac0887bf3","attemptIndex":0,"sequence":[1,2,3],"source":"fallback_random","memoryCount":5,"retrievalLatency":7}}
{"t":"2025-12-08T02:45:56.627Z","msg":"lever_block_found","data":{"leverIndex":1,"blockPosition":{"x":15,"y":65,"z":-1},"blockName":"lever"}}
{"t":"2025-12-08T02:45:57.128Z","msg":"lever_block_found","data":{"leverIndex":2,"blockPosition":{"x":15,"y":65,"z":0},"blockName":"lever"}}
{"t":"2025-12-08T02:45:57.629Z","msg":"lever_block_found","data":{"leverIndex":3,"blockPosition":{"x":15,"y":65,"z":1},"blockName":"lever"}}
{"t":"2025-12-08T02:45:58.479Z","msg":"lever_attempt_result","data":{"runId":"5f058d9e-bace-43d9-b0da-bb0ac0887bf3","attemptIndex":0,"success":false,"distilledAdded":1}}
{"t":"2025-12-08T02:45:58.480Z","msg":"lever_door_close","data":{"cmd":"/setblock 13 63 2 stripped_warped_stem"}}
{"t":"2025-12-08T02:45:58.780Z","msg":"lever_reset_block","data":{"cmd":"/setblock 15 65 -1 lever[face=wall,facing=west,powered=false]","pos":{"x":15,"y":65,"z":-1}}}
{"t":"2025-12-08T02:45:58.932Z","msg":"lever_reset_block","data":{"cmd":"/setblock 15 65 0 lever[face=wall,facing=west,powered=false]","pos":{"x":15,"y":65,"z":0}}}
{"t":"2025-12-08T02:45:59.083Z","msg":"lever_reset_block","data":{"cmd":"/setblock 15 65 1 lever[face=wall,facing=west,powered=false]","pos":{"x":15,"y":65,"z":1}}}
{"t":"2025-12-08T02:45:59.484Z","msg":"lever_incorrect","data":{"runId":"5f058d9e-bace-43d9-b0da-bb0ac0887bf3","attemptIndex":0,"sequence":[1,2,3]}}
{"t":"2025-12-08T02:45:59.893Z","msg":"lever_attempt","data":{"runId":"5f058d9e-bace-43d9-b0da-bb0ac0887bf3","attemptIndex":1,"sequence":[3,1,2],"source":"fallback_random","memoryCount":5,"retrievalLatency":7}}
{"t":"2025-12-08T02:45:59.893Z","msg":"lever_block_found","data":{"leverIndex":3,"blockPosition":{"x":15,"y":65,"z":1},"blockName":"lever"}}
{"t":"2025-12-08T02:46:00.394Z","msg":"lever_block_found","data":{"leverIndex":1,"blockPosition":{"x":15,"y":65,"z":-1},"blockName":"lever"}}
{"t":"2025-12-08T02:46:00.896Z","msg":"lever_block_found","data":{"leverIndex":2,"blockPosition":{"x":15,"y":65,"z":0},"blockName":"lever"}}
{"t":"2025-12-08T02:46:01.749Z","msg":"lever_attempt_result","data":{"runId":"5f058d9e-bace-43d9-b0da-bb0ac0887bf3","attemptIndex":1,"success":false,"distilledAdded":1}}
{"t":"2025-12-08T02:46:01.749Z","msg":"lever_door_close","data":{"cmd":"/setblock 13 63 2 stripped_warped_stem"}}
{"t":"2025-12-08T02:46:02.050Z","msg":"lever_reset_block","data":{"cmd":"/setblock 15 65 -1 lever[face=wall,facing=west,powered=false]","pos":{"x":15,"y":65,"z":-1}}}
{"t":"2025-12-08T02:46:02.202Z","msg":"lever_reset_block","data":{"cmd":"/setblock 15 65 0 lever[face=wall,facing=west,powered=false]","pos":{"x":15,"y":65,"z":0}}}
{"t":"2025-12-08T02:46:02.354Z","msg":"lever_reset_block","data":{"cmd":"/setblock 15 65 1 lever[face=wall,facing=west,powered=false]","pos":{"x":15,"y":65,"z":1}}}
{"t":"2025-12-08T02:46:02.756Z","msg":"lever_incorrect","data":{"runId":"5f058d9e-bace-43d9-b0da-bb0ac0887bf3","attemptIndex":1,"sequence":[3,1,2]}}
{"t":"2025-12-08T02:46:03.162Z","msg":"lever_attempt","data":{"runId":"5f058d9e-bace-43d9-b0da-bb0ac0887bf3","attemptIndex":2,"sequence":[1,3,2],"source":"fallback_random","memoryCount":5,"retrievalLatency":5}}
{"t":"2025-12-08T02:46:03.163Z","msg":"lever_block_found","data":{"leverIndex":1,"blockPosition":{"x":15,"y":65,"z":-1},"blockName":"lever"}}
{"t":"2025-12-08T02:46:03.664Z","msg":"lever_block_found","data":{"leverIndex":3,"blockPosition":{"x":15,"y":65,"z":1},"blockName":"lever"}}
{"t":"2025-12-08T02:46:04.165Z","msg":"lever_block_found","data":{"leverIndex":2,"blockPosition":{"x":15,"y":65,"z":0},"blockName":"lever"}}
{"t":"2025-12-08T02:46:05.012Z","msg":"lever_attempt_result","data":{"runId":"5f058d9e-bace-43d9-b0da-bb0ac0887bf3","attemptIndex":2,"success":false,"distilledAdded":1}}
{"t":"2025-12-08T02:46:05.012Z","msg":"lever_door_close","data":{"cmd":"/setblock 13 63 2 stripped_warped_stem"}}
{"t":"2025-12-08T02:46:05.314Z","msg":"lever_reset_block","data":{"cmd":"/setblock 15 65 -1 lever[face=wall,facing=west,powered=false]","pos":{"x":15,"y":65,"z":-1}}}
{"t":"2025-12-08T02:46:05.465Z","msg":"lever_reset_block","data":{"cmd":"/setblock 15 65 0 lever[face=wall,facing=west,powered=false]","pos":{"x":15,"y":65,"z":0}}}
{"t":"2025-12-08T02:46:05.616Z","msg":"lever_reset_block","data":{"cmd":"/setblock 15 65 1 lever[face=wall,facing=west,powered=false]","pos":{"x":15,"y":65,"z":1}}}
{"t":"2025-12-08T02:46:06.017Z","msg":"lever_incorrect","data":{"runId":"5f058d9e-bace-43d9-b0da-bb0ac0887bf3","attemptIndex":2,"sequence":[1,3,2]}}
{"t":"2025-12-08T02:46:06.425Z","msg":"lever_attempt","data":{"runId":"5f058d9e-bace-43d9-b0da-bb0ac0887bf3","attemptIndex":3,"sequence":[2,1,3],"source":"fallback_random","memoryCount":5,"retrievalLatency":8}}
{"t":"2025-12-08T02:46:06.425Z","msg":"lever_block_found","data":{"leverIndex":2,"blockPosition":{"x":15,"y":65,"z":0},"blockName":"lever"}}
{"t":"2025-12-08T02:46:06.926Z","msg":"lever_block_found","data":{"leverIndex":1,"blockPosition":{"x":15,"y":65,"z":-1},"blockName":"lever"}}
{"t":"2025-12-08T02:46:07.427Z","msg":"lever_block_found","data":{"leverIndex":3,"blockPosition":{"x":15,"y":65,"z":1},"blockName":"lever"}}
{"t":"2025-12-08T02:46:08.275Z","msg":"lever_attempt_result","data":{"runId":"5f058d9e-bace-43d9-b0da-bb0ac0887bf3","attemptIndex":3,"success":false,"distilledAdded":1}}
{"t":"2025-12-08T02:46:08.275Z","msg":"lever_door_close","data":{"cmd":"/setblock 13 63 2 stripped_warped_stem"}}
{"t":"2025-12-08T02:46:08.577Z","msg":"lever_reset_block","data":{"cmd":"/setblock 15 65 -1 lever[face=wall,facing=west,powered=false]","pos":{"x":15,"y":65,"z":-1}}}
{"t":"2025-12-08T02:46:08.729Z","msg":"lever_reset_block","data":{"cmd":"/setblock 15 65 0 lever[face=wall,facing=west,powered=false]","pos":{"x":15,"y":65,"z":0}}}
{"t":"2025-12-08T02:46:08.882Z","msg":"lever_reset_block","data":{"cmd":"/setblock 15 65 1 lever[face=wall,facing=west,powered=false]","pos":{"x":15,"y":65,"z":1}}}
{"t":"2025-12-08T02:46:09.284Z","msg":"lever_incorrect","data":{"runId":"5f058d9e-bace-43d9-b0da-bb0ac0887bf3","attemptIndex":3,"sequence":[2,1,3]}}
{"t":"2025-12-08T02:46:09.688Z","msg":"lever_attempt","data":{"runId":"5f058d9e-bace-43d9-b0da-bb0ac0887bf3","attemptIndex":4,"sequence":[3,2,1],"source":"fallback_random","memoryCount":5,"retrievalLatency":4}}
{"t":"2025-12-08T02:46:09.688Z","msg":"lever_block_found","data":{"leverIndex":3,"blockPosition":{"x":15,"y":65,"z":1},"blockName":"lever"}}
{"t":"2025-12-08T02:46:10.190Z","msg":"lever_block_found","data":{"leverIndex":2,"blockPosition":{"x":15,"y":65,"z":0},"blockName":"lever"}}
{"t":"2025-12-08T02:46:10.691Z","msg":"lever_block_found","data":{"leverIndex":1,"blockPosition":{"x":15,"y":65,"z":-1},"blockName":"lever"}}
{"t":"2025-12-08T02:46:11.538Z","msg":"lever_attempt_result","data":{"runId":"5f058d9e-bace-43d9-b0da-bb0ac0887bf3","attemptIndex":4,"success":false,"distilledAdded":1}}
{"t":"2025-12-08T02:46:11.539Z","msg":"lever_door_close","data":{"cmd":"/setblock 13 63 2 stripped_warped_stem"}}
{"t":"2025-12-08T02:46:11.839Z","msg":"lever_reset_block","data":{"cmd":"/setblock 15 65 -1 lever[face=wall,facing=west,powered=false]","pos":{"x":15,"y":65,"z":-1}}}
{"t":"2025-12-08T02:46:11.990Z","msg":"lever_reset_block","data":{"cmd":"/setblock 15 65 0 lever[face=wall,facing=west,powered=false]","pos":{"x":15,"y":65,"z":0}}}
{"t":"2025-12-08T02:46:12.142Z","msg":"lever_reset_block","data":{"cmd":"/setblock 15 65 1 lever[face=wall,facing=west,powered=false]","pos":{"x":15,"y":65,"z":1}}}
{"t":"2025-12-08T02:46:12.543Z","msg":"lever_incorrect","data":{"runId":"5f058d9e-bace-43d9-b0da-bb0ac0887bf3","attemptIndex":4,"sequence":[3,2,1]}}
{"t":"2025-12-08T02:46:12.946Z","msg":"lever_attempt","data":{"runId":"5f058d9e-bace-43d9-b0da-bb0ac0887bf3","attemptIndex":5,"sequence":[2,1,3],"source":"fallback_random","memoryCount":5,"retrievalLatency":2}}
{"t":"2025-12-08T02:46:12.947Z","msg":"lever_block_found","data":{"leverIndex":2,"blockPosition":{"x":15,"y":65,"z":0},"blockName":"lever"}}
{"t":"2025-12-08T02:46:13.448Z","msg":"lever_block_found","data":{"leverIndex":1,"blockPosition":{"x":15,"y":65,"z":-1},"blockName":"lever"}}
{"t":"2025-12-08T02:46:13.949Z","msg":"lever_block_found","data":{"leverIndex":3,"blockPosition":{"x":15,"y":65,"z":1},"blockName":"lever"}}
{"t":"2025-12-08T02:46:14.794Z","msg":"lever_attempt_result","data":{"runId":"5f058d9e-bace-43d9-b0da-bb0ac0887bf3","attemptIndex":5,"success":false,"distilledAdded":1}}
{"t":"2025-12-08T02:46:14.794Z","msg":"lever_door_close","data":{"cmd":"/setblock 13 63 2 stripped_warped_stem"}}
{"t":"2025-12-08T02:46:15.095Z","msg":"lever_reset_block","data":{"cmd":"/setblock 15 65 -1 lever[face=wall,facing=west,powered=false]","pos":{"x":15,"y":65,"z":-1}}}
{"t":"2025-12-08T02:46:15.247Z","msg":"lever_reset_block","data":{"cmd":"/setblock 15 65 0 lever[face=wall,facing=west,powered=false]","pos":{"x":15,"y":65,"z":0}}}
{"t":"2025-12-08T02:46:15.397Z","msg":"lever_reset_block","data":{"cmd":"/setblock 15 65 1 lever[face=wall,facing=west,powered=false]","pos":{"x":15,"y":65,"z":1}}}
{"t":"2025-12-08T02:46:15.798Z","msg":"lever_incorrect","data":{"runId":"5f058d9e-bace-43d9-b0da-bb0ac0887bf3","attemptIndex":5,"sequence":[2,1,3]}}
{"t":"2025-12-08T02:46:16.200Z","msg":"lever_episode_end","data":{"runId":"5f058d9e-bace-43d9-b0da-bb0ac0887bf3","scenarioId":"lever_puzzle_3","attempts":6,"solved":false}}
